This is pdfTeX, Version 3.1415926-2.4-1.40.13 (MiKTeX 2.9) (preloaded format=pdflatex 2013.9.9)  7 FEB 2015 15:29
entering extended mode
**Tesis.tex
(C:\Users\omar\Documents\GitHub\UDG_Create\docs\backup\Tesis.tex
LaTeX2e <2011/06/27>
Babel <v3.8m> and hyphenation patterns for english, afrikaans, ancientgreek, ar
abic, armenian, assamese, basque, bengali, bokmal, bulgarian, catalan, coptic, 
croatian, czech, danish, dutch, esperanto, estonian, farsi, finnish, french, ga
lician, german, german-x-2012-05-30, greek, gujarati, hindi, hungarian, iceland
ic, indonesian, interlingua, irish, italian, kannada, kurmanji, latin, latvian,
 lithuanian, malayalam, marathi, mongolian, mongolianlmc, monogreek, ngerman, n
german-x-2012-05-30, nynorsk, oriya, panjabi, pinyin, polish, portuguese, roman
ian, russian, sanskrit, serbian, slovak, slovenian, spanish, swedish, swissgerm
an, tamil, telugu, turkish, turkmen, ukenglish, ukrainian, uppersorbian, usengl
ishmax, welsh, loaded.
("C:\Program Files (x86)\MiKTeX 2.9\tex\latex\base\book.cls"
Document Class: book 2007/10/19 v1.4h Standard LaTeX document class
("C:\Program Files (x86)\MiKTeX 2.9\tex\latex\base\bk12.clo"
File: bk12.clo 2007/10/19 v1.4h Standard LaTeX file (size option)
)
\c@part=\count79
\c@chapter=\count80
\c@section=\count81
\c@subsection=\count82
\c@subsubsection=\count83
\c@paragraph=\count84
\c@subparagraph=\count85
\c@figure=\count86
\c@table=\count87
\abovecaptionskip=\skip41
\belowcaptionskip=\skip42
\bibindent=\dimen102
)
("C:\Program Files (x86)\MiKTeX 2.9\tex\generic\babel\babel.sty"
Package: babel 2008/07/08 v3.8m The Babel package

*************************************
* Local config file bblopts.cfg used
*
("C:\Program Files (x86)\MiKTeX 2.9\tex\latex\00miktex\bblopts.cfg"
File: bblopts.cfg 2006/07/31 v1.0 MiKTeX 'babel' configuration
)
("C:\Program Files (x86)\MiKTeX 2.9\tex\generic\babel\spanish.ldf"
Language: spanish.ldf 2009/01/02 v5.0h Spanish support from the babel system

("C:\Program Files (x86)\MiKTeX 2.9\tex\generic\babel\babel.def"
File: babel.def 2008/07/08 v3.8m Babel common definitions
\babel@savecnt=\count88
\U@D=\dimen103
)
\es@datefmt=\count89
\es@quottoks=\toks14
\es@quotdepth=\count90
Package babel Info: Making " an active character on input line 492.
Package babel Info: Making . an active character on input line 585.
Package babel Info: Making < an active character on input line 630.
Package babel Info: Making > an active character on input line 630.
))
("C:\Program Files (x86)\MiKTeX 2.9\tex\latex\base\inputenc.sty"
Package: inputenc 2008/03/30 v1.1d Input encoding file
\inpenc@prehook=\toks15
\inpenc@posthook=\toks16

("C:\Program Files (x86)\MiKTeX 2.9\tex\latex\ucs\utf8x.def"
File: utf8x.def 2004/10/17 UCS: Input encoding UTF-8
))
("C:\Program Files (x86)\MiKTeX 2.9\tex\latex\ucs\ucs.sty"
Package: ucs 2013/05/11 v2.2 UCS: Unicode input support

("C:\Program Files (x86)\MiKTeX 2.9\tex\latex\ucs\uni-global.def"
File: uni-global.def 2013/05/13 UCS: Unicode global data
)
\uc@secondtry=\count91
\uc@combtoks=\toks17
\uc@combtoksb=\toks18
\uc@temptokena=\toks19
)
("C:\Program Files (x86)\MiKTeX 2.9\tex\latex\hyperref\hyperref.sty"
Package: hyperref 2012/11/06 v6.83m Hypertext links for LaTeX

("C:\Program Files (x86)\MiKTeX 2.9\tex\generic\oberdiek\hobsub-hyperref.sty"
Package: hobsub-hyperref 2012/04/25 v1.12 Bundle oberdiek, subset hyperref (HO)


("C:\Program Files (x86)\MiKTeX 2.9\tex\generic\oberdiek\hobsub-generic.sty"
Package: hobsub-generic 2012/04/25 v1.12 Bundle oberdiek, subset generic (HO)
Package: hobsub 2012/04/25 v1.12 Construct package bundles (HO)
Package: infwarerr 2010/04/08 v1.3 Providing info/warning/error messages (HO)
Package: ltxcmds 2011/11/09 v1.22 LaTeX kernel commands for general use (HO)
Package: ifluatex 2010/03/01 v1.3 Provides the ifluatex switch (HO)
Package ifluatex Info: LuaTeX not detected.
Package: ifvtex 2010/03/01 v1.5 Detect VTeX and its facilities (HO)
Package ifvtex Info: VTeX not detected.
Package: intcalc 2007/09/27 v1.1 Expandable calculations with integers (HO)
Package: ifpdf 2011/01/30 v2.3 Provides the ifpdf switch (HO)
Package ifpdf Info: pdfTeX in PDF mode is detected.
Package: etexcmds 2011/02/16 v1.5 Avoid name clashes with e-TeX commands (HO)
Package etexcmds Info: Could not find \expanded.
(etexcmds)             That can mean that you are not using pdfTeX 1.50 or
(etexcmds)             that some package has redefined \expanded.
(etexcmds)             In the latter case, load this package earlier.
Package: kvsetkeys 2012/04/25 v1.16 Key value parser (HO)
Package: kvdefinekeys 2011/04/07 v1.3 Define keys (HO)
Package: pdftexcmds 2011/11/29 v0.20 Utility functions of pdfTeX for LuaTeX (HO
)
Package pdftexcmds Info: LuaTeX not detected.
Package pdftexcmds Info: \pdf@primitive is available.
Package pdftexcmds Info: \pdf@ifprimitive is available.
Package pdftexcmds Info: \pdfdraftmode found.
Package: pdfescape 2011/11/25 v1.13 Implements pdfTeX's escape features (HO)
Package: bigintcalc 2012/04/08 v1.3 Expandable calculations on big integers (HO
)
Package: bitset 2011/01/30 v1.1 Handle bit-vector datatype (HO)
Package: uniquecounter 2011/01/30 v1.2 Provide unlimited unique counter (HO)
)
Package hobsub Info: Skipping package `hobsub' (already loaded).
Package: letltxmacro 2010/09/02 v1.4 Let assignment for LaTeX macros (HO)
Package: hopatch 2011/06/24 v1.1 Wrapper for package hooks (HO)
Package: xcolor-patch 2011/01/30 xcolor patch
Package: atveryend 2011/06/30 v1.8 Hooks at the very end of document (HO)
Package atveryend Info: \enddocument detected (standard20110627).
Package: atbegshi 2011/10/05 v1.16 At begin shipout hook (HO)
Package: refcount 2011/10/16 v3.4 Data extraction from label references (HO)
Package: hycolor 2011/01/30 v1.7 Color options for hyperref/bookmark (HO)
)
("C:\Program Files (x86)\MiKTeX 2.9\tex\latex\graphics\keyval.sty"
Package: keyval 1999/03/16 v1.13 key=value parser (DPC)
\KV@toks@=\toks20
)
("C:\Program Files (x86)\MiKTeX 2.9\tex\generic\ifxetex\ifxetex.sty"
Package: ifxetex 2010/09/12 v0.6 Provides ifxetex conditional
)
("C:\Program Files (x86)\MiKTeX 2.9\tex\latex\oberdiek\auxhook.sty"
Package: auxhook 2011/03/04 v1.3 Hooks for auxiliary files (HO)
)
("C:\Program Files (x86)\MiKTeX 2.9\tex\latex\oberdiek\kvoptions.sty"
Package: kvoptions 2011/06/30 v3.11 Key value format for package options (HO)
)
\@linkdim=\dimen104
\Hy@linkcounter=\count92
\Hy@pagecounter=\count93

("C:\Program Files (x86)\MiKTeX 2.9\tex\latex\hyperref\pd1enc.def"
File: pd1enc.def 2012/11/06 v6.83m Hyperref: PDFDocEncoding definition (HO)
)
\Hy@SavedSpaceFactor=\count94

("C:\Program Files (x86)\MiKTeX 2.9\tex\latex\00miktex\hyperref.cfg"
File: hyperref.cfg 2002/06/06 v1.2 hyperref configuration of TeXLive
)
Package hyperref Info: Hyper figures OFF on input line 4443.
Package hyperref Info: Link nesting OFF on input line 4448.
Package hyperref Info: Hyper index ON on input line 4451.
Package hyperref Info: Plain pages OFF on input line 4458.
Package hyperref Info: Backreferencing OFF on input line 4463.
Package hyperref Info: Implicit mode ON; LaTeX internals redefined.
Package hyperref Info: Bookmarks ON on input line 4688.
\c@Hy@tempcnt=\count95

("C:\Program Files (x86)\MiKTeX 2.9\tex\latex\ltxmisc\url.sty"
\Urlmuskip=\muskip10
Package: url 2006/04/12  ver 3.3  Verb mode for urls, etc.
)
LaTeX Info: Redefining \url on input line 5041.
\XeTeXLinkMargin=\dimen105
\Fld@menulength=\count96
\Field@Width=\dimen106
\Fld@charsize=\dimen107
Package hyperref Info: Hyper figures OFF on input line 6295.
Package hyperref Info: Link nesting OFF on input line 6300.
Package hyperref Info: Hyper index ON on input line 6303.
Package hyperref Info: backreferencing OFF on input line 6310.
Package hyperref Info: Link coloring OFF on input line 6315.
Package hyperref Info: Link coloring with OCG OFF on input line 6320.
Package hyperref Info: PDF/A mode OFF on input line 6325.
LaTeX Info: Redefining \ref on input line 6365.
LaTeX Info: Redefining \pageref on input line 6369.
\Hy@abspage=\count97
\c@Item=\count98
\c@Hfootnote=\count99
)

Package hyperref Message: Driver (autodetected): hpdftex.

("C:\Program Files (x86)\MiKTeX 2.9\tex\latex\hyperref\hpdftex.def"
File: hpdftex.def 2012/11/06 v6.83m Hyperref driver for pdfTeX
\Fld@listcount=\count100
\c@bookmark@seq@number=\count101

("C:\Program Files (x86)\MiKTeX 2.9\tex\latex\oberdiek\rerunfilecheck.sty"
Package: rerunfilecheck 2011/04/15 v1.7 Rerun checks for auxiliary files (HO)
Package uniquecounter Info: New unique counter `rerunfilecheck' on input line 2
82.
)
\Hy@SectionHShift=\skip43
)
("C:\Program Files (x86)\MiKTeX 2.9\tex\latex\listings\listings.sty"
\lst@mode=\count102
\lst@gtempboxa=\box26
\lst@token=\toks21
\lst@length=\count103
\lst@currlwidth=\dimen108
\lst@column=\count104
\lst@pos=\count105
\lst@lostspace=\dimen109
\lst@width=\dimen110
\lst@newlines=\count106
\lst@lineno=\count107
\lst@maxwidth=\dimen111

("C:\Program Files (x86)\MiKTeX 2.9\tex\latex\listings\lstmisc.sty"
File: lstmisc.sty 2013/08/26 1.5b (Carsten Heinz)
\c@lstnumber=\count108
\lst@skipnumbers=\count109
\lst@framebox=\box27
)
("C:\Program Files (x86)\MiKTeX 2.9\tex\latex\listings\listings.cfg"
File: listings.cfg 2013/08/26 1.5b listings configuration
))
Package: listings 2013/08/26 1.5b (Carsten Heinz)

("C:\Program Files (x86)\MiKTeX 2.9\tex\latex\pdfpages\pdfpages.sty"
Package: pdfpages 2013/08/25 v0.4v Insert pages of external PDF documents (AM)

("C:\Program Files (x86)\MiKTeX 2.9\tex\latex\base\ifthen.sty"
Package: ifthen 2001/05/26 v1.1c Standard LaTeX ifthen package (DPC)
)
("C:\Program Files (x86)\MiKTeX 2.9\tex\latex\tools\calc.sty"
Package: calc 2007/08/22 v4.3 Infix arithmetic (KKT,FJ)
\calc@Acount=\count110
\calc@Bcount=\count111
\calc@Adimen=\dimen112
\calc@Bdimen=\dimen113
\calc@Askip=\skip44
\calc@Bskip=\skip45
LaTeX Info: Redefining \setlength on input line 76.
LaTeX Info: Redefining \addtolength on input line 77.
\calc@Ccount=\count112
\calc@Cskip=\skip46
)
("C:\Program Files (x86)\MiKTeX 2.9\tex\latex\eso-pic\eso-pic.sty"
Package: eso-pic 2013/10/06 v2.0d eso-pic (RN)

("C:\Program Files (x86)\MiKTeX 2.9\tex\latex\xcolor\xcolor.sty"
Package: xcolor 2007/01/21 v2.11 LaTeX color extensions (UK)

("C:\Program Files (x86)\MiKTeX 2.9\tex\latex\00miktex\color.cfg"
File: color.cfg 2007/01/18 v1.5 color configuration of teTeX/TeXLive
)
Package xcolor Info: Driver file: pdftex.def on input line 225.

("C:\Program Files (x86)\MiKTeX 2.9\tex\latex\pdftex-def\pdftex.def"
File: pdftex.def 2011/05/27 v0.06d Graphics/color for pdfTeX
\Gread@gobject=\count113
)
Package xcolor Info: Model `cmy' substituted by `cmy0' on input line 1337.
Package xcolor Info: Model `hsb' substituted by `rgb' on input line 1341.
Package xcolor Info: Model `RGB' extended on input line 1353.
Package xcolor Info: Model `HTML' substituted by `rgb' on input line 1355.
Package xcolor Info: Model `Hsb' substituted by `hsb' on input line 1356.
Package xcolor Info: Model `tHsb' substituted by `hsb' on input line 1357.
Package xcolor Info: Model `HSB' substituted by `hsb' on input line 1358.
Package xcolor Info: Model `Gray' substituted by `gray' on input line 1359.
Package xcolor Info: Model `wave' substituted by `hsb' on input line 1360.
))
("C:\Program Files (x86)\MiKTeX 2.9\tex\latex\graphics\graphicx.sty"
Package: graphicx 1999/02/16 v1.0f Enhanced LaTeX Graphics (DPC,SPQR)

("C:\Program Files (x86)\MiKTeX 2.9\tex\latex\graphics\graphics.sty"
Package: graphics 2009/02/05 v1.0o Standard LaTeX Graphics (DPC,SPQR)

("C:\Program Files (x86)\MiKTeX 2.9\tex\latex\graphics\trig.sty"
Package: trig 1999/03/16 v1.09 sin cos tan (DPC)
)
("C:\Program Files (x86)\MiKTeX 2.9\tex\latex\00miktex\graphics.cfg"
File: graphics.cfg 2007/01/18 v1.5 graphics configuration of teTeX/TeXLive
)
Package graphics Info: Driver file: pdftex.def on input line 91.
)
\Gin@req@height=\dimen114
\Gin@req@width=\dimen115
)
("C:\Program Files (x86)\MiKTeX 2.9\tex\latex\pdfpages\pppdftex.def"
File: pppdftex.def 2013/08/25 v0.4v Pdfpages driver for pdfTeX (AM)
)
\AM@pagebox=\box28
\AM@toc@title=\toks22
\c@AM@survey=\count114
\AM@templatesizebox=\box29
)
("C:\Program Files (x86)\MiKTeX 2.9\tex\latex\listings\lstlang1.sty"
File: lstlang1.sty 2013/08/26 1.5b listings language file
)
("C:\Program Files (x86)\MiKTeX 2.9\tex\latex\listings\lstlang1.sty"
File: lstlang1.sty 2013/08/26 1.5b listings language file
)
("C:\Program Files (x86)\MiKTeX 2.9\tex\latex\listings\lstmisc.sty"
File: lstmisc.sty 2013/08/26 1.5b (Carsten Heinz)
)
("C:\Program Files (x86)\MiKTeX 2.9\tex\latex\fancyhdr\fancyhdr.sty"
\fancy@headwidth=\skip47
\f@ncyO@elh=\skip48
\f@ncyO@erh=\skip49
\f@ncyO@olh=\skip50
\f@ncyO@orh=\skip51
\f@ncyO@elf=\skip52
\f@ncyO@erf=\skip53
\f@ncyO@olf=\skip54
\f@ncyO@orf=\skip55
)
("C:\Program Files (x86)\MiKTeX 2.9\tex\latex\geometry\geometry.sty"
Package: geometry 2010/09/12 v5.6 Page Geometry
\Gm@cnth=\count115
\Gm@cntv=\count116
\c@Gm@tempcnt=\count117
\Gm@bindingoffset=\dimen116
\Gm@wd@mp=\dimen117
\Gm@odd@mp=\dimen118
\Gm@even@mp=\dimen119
\Gm@layoutwidth=\dimen120
\Gm@layoutheight=\dimen121
\Gm@layouthoffset=\dimen122
\Gm@layoutvoffset=\dimen123
\Gm@dimlist=\toks23

("C:\Program Files (x86)\MiKTeX 2.9\tex\latex\geometry\geometry.cfg"))
("C:\Program Files (x86)\MiKTeX 2.9\tex\latex\caption\caption.sty"
Package: caption 2013/05/02 v3.3-89 Customizing captions (AR)

("C:\Program Files (x86)\MiKTeX 2.9\tex\latex\caption\caption3.sty"
Package: caption3 2013/05/02 v1.6-88 caption3 kernel (AR)
Package caption3 Info: TeX engine: e-TeX on input line 57.
\captionmargin=\dimen124
\captionmargin@=\dimen125
\captionwidth=\dimen126
\caption@tempdima=\dimen127
\caption@indent=\dimen128
\caption@parindent=\dimen129
\caption@hangindent=\dimen130
)
\c@ContinuedFloat=\count118
Package caption Info: hyperref package is loaded.
Package caption Info: listings package is loaded.
)
(C:\Users\omar\Documents\GitHub\UDG_Create\docs\backup\Tesis.aux)
LaTeX Font Info:    Checking defaults for OML/cmm/m/it on input line 43.
LaTeX Font Info:    ... okay on input line 43.
LaTeX Font Info:    Checking defaults for T1/cmr/m/n on input line 43.
LaTeX Font Info:    ... okay on input line 43.
LaTeX Font Info:    Checking defaults for OT1/cmr/m/n on input line 43.
LaTeX Font Info:    ... okay on input line 43.
LaTeX Font Info:    Checking defaults for OMS/cmsy/m/n on input line 43.
LaTeX Font Info:    ... okay on input line 43.
LaTeX Font Info:    Checking defaults for OMX/cmex/m/n on input line 43.
LaTeX Font Info:    ... okay on input line 43.
LaTeX Font Info:    Checking defaults for U/cmr/m/n on input line 43.
LaTeX Font Info:    ... okay on input line 43.
LaTeX Font Info:    Checking defaults for PD1/pdf/m/n on input line 43.
LaTeX Font Info:    ... okay on input line 43.

("C:\Program Files (x86)\MiKTeX 2.9\tex\latex\ucs\ucsencs.def"
File: ucsencs.def 2011/01/21 Fixes to fontencodings LGR, T3
)
\AtBeginShipoutBox=\box30
Package hyperref Info: Link coloring OFF on input line 43.

("C:\Program Files (x86)\MiKTeX 2.9\tex\latex\hyperref\nameref.sty"
Package: nameref 2012/10/27 v2.43 Cross-referencing by name of section

("C:\Program Files (x86)\MiKTeX 2.9\tex\generic\oberdiek\gettitlestring.sty"
Package: gettitlestring 2010/12/03 v1.4 Cleanup title references (HO)
)
\c@section@level=\count119
)
LaTeX Info: Redefining \ref on input line 43.
LaTeX Info: Redefining \pageref on input line 43.
LaTeX Info: Redefining \nameref on input line 43.

(C:\Users\omar\Documents\GitHub\UDG_Create\docs\backup\Tesis.out)
(C:\Users\omar\Documents\GitHub\UDG_Create\docs\backup\Tesis.out)
\@outlinefile=\write3
\c@lstlisting=\count120

("C:\Program Files (x86)\MiKTeX 2.9\tex\context\base\supp-pdf.mkii"
[Loading MPS to PDF converter (version 2006.09.02).]
\scratchcounter=\count121
\scratchdimen=\dimen131
\scratchbox=\box31
\nofMPsegments=\count122
\nofMParguments=\count123
\everyMPshowfont=\toks24
\MPscratchCnt=\count124
\MPscratchDim=\dimen132
\MPnumerator=\count125
\makeMPintoPDFobject=\count126
\everyMPtoPDFconversion=\toks25
)
*geometry* driver: auto-detecting
*geometry* detected driver: pdftex
*geometry* verbose mode - [ preamble ] result:
* driver: pdftex
* paper: letterpaper
* layout: <same size as paper>
* layoutoffset:(h,v)=(0.0pt,0.0pt)
* modes: twoside 
* h-part:(L,W,R)=(73.71613pt, 430.00462pt, 110.57425pt)
* v-part:(T,H,B)=(95.39737pt, 556.47656pt, 143.09605pt)
* \paperwidth=614.295pt
* \paperheight=794.96999pt
* \textwidth=430.00462pt
* \textheight=556.47656pt
* \oddsidemargin=1.44614pt
* \evensidemargin=38.30426pt
* \topmargin=-8.74641pt
* \headheight=20.0pt
* \headsep=19.8738pt
* \topskip=12.0pt
* \footskip=30.0pt
* \marginparwidth=98.0pt
* \marginparsep=7.0pt
* \columnsep=10.0pt
* \skip\footins=10.8pt plus 4.0pt minus 2.0pt
* \hoffset=0.0pt
* \voffset=0.0pt
* \mag=1000
* \@twocolumnfalse
* \@twosidetrue
* \@mparswitchtrue
* \@reversemarginfalse
* (1in=72.27pt=25.4mm, 1cm=28.453pt)

Package caption Info: Begin \AtBeginDocument code.
Package caption Info: End \AtBeginDocument code.
("C:\Program Files (x86)\MiKTeX 2.9\tex\latex\ucs\uni-0.def"
File: uni-0.def 2013/05/13 UCS: Unicode data U+0000..U+00FF
)

LaTeX Warning: File `figures/escudo.png' not found on input line 65.


! Package pdftex.def Error: File `figures/escudo.png' not found.

See the pdftex.def package documentation for explanation.
Type  H <return>  for immediate help.
 ...                                              
                                                  
l.65 ...udegraphics[width=5cm]{figures/escudo.png}
                                                  
Using draft setting for this image.
Try typing  <return>  to proceed.
If that doesn't work, type  X <return>  to quit.

LaTeX Font Info:    External font `cmex10' loaded for size
(Font)              <12> on input line 87.
LaTeX Font Info:    External font `cmex10' loaded for size
(Font)              <8> on input line 87.
LaTeX Font Info:    External font `cmex10' loaded for size
(Font)              <6> on input line 87.

Overfull \hbox (20.23589pt too wide) in paragraph at lines 82--97
[]$[]$ $[]$ 
 []


Underfull \hbox (badness 10000) in paragraph at lines 82--97

 []

[1


{C:/ProgramData/MiKTeX/2.9/pdftex/config/pdftex.map}]

! Package pdfpages Error: Cannot find file `prorroga.pdf'.

See the pdfpages package documentation for explanation.
Type  H <return>  for immediate help.
 ...                                              
                                                  
l.109 \includepdf[pages={1}]{prorroga.pdf}
                                          
This error message was generated by an \errmessage
command, so I can't give any explicit help.
Pretend that you're Hercule Poirot: Examine all clues,
and deduce the truth by order and method.

! Undefined control sequence.
\AM@checkpagenumber #1->\ifnum #1>\AM@pagecount 
                                                \relax \ifthenelse {\boolean...
l.109 \includepdf[pages={1}]{prorroga.pdf}
                                          
The control sequence at the end of the top line
of your error message was never \def'ed. If you have
misspelled it (e.g., `\hobx'), type `I' and the correct
spelling (e.g., `I\hbox'). Otherwise just continue,
and I'll forget about whatever was undefined.

! Missing number, treated as zero.
<to be read again> 
                   \relax 
l.109 \includepdf[pages={1}]{prorroga.pdf}
                                          
A number should have been here; I inserted `0'.
(If you can't figure out why I needed to see a number,
look up `weird error' in the index to The TeXbook.)


! Package pdfpages Error: page 1 of `\AM@currentdocname ' does not exist.

See the pdfpages package documentation for explanation.
Type  H <return>  for immediate help.
 ...                                              
                                                  
l.109 \includepdf[pages={1}]{prorroga.pdf}
                                          
You have set a wrong page number in the `pages' option. Document 
`\AM@currentdocname ' does not have 1 pages.

[2]

! Package pdftex.def Error: File `\AM@currentdocname .png' not found.

See the pdftex.def package documentation for explanation.
Type  H <return>  for immediate help.
 ...                                              
                                                  
l.109 \includepdf[pages={1}]{prorroga.pdf}
                                          
Using draft setting for this image.
Try typing  <return>  to proceed.
If that doesn't work, type  X <return>  to quit.


! Package pdftex.def Error: File `\AM@currentdocname .png' not found.

See the pdftex.def package documentation for explanation.
Type  H <return>  for immediate help.
 ...                                              
                                                  
l.109 \includepdf[pages={1}]{prorroga.pdf}
                                          
Using draft setting for this image.
Try typing  <return>  to proceed.
If that doesn't work, type  X <return>  to quit.


! Package pdftex.def Error: File `\AM@currentdocname .png' not found.

See the pdftex.def package documentation for explanation.
Type  H <return>  for immediate help.
 ...                                              
                                                  
l.109 \includepdf[pages={1}]{prorroga.pdf}
                                          
Using draft setting for this image.
Try typing  <return>  to proceed.
If that doesn't work, type  X <return>  to quit.


! Package pdftex.def Error: File `\AM@currentdocname .png' not found.

See the pdftex.def package documentation for explanation.
Type  H <return>  for immediate help.
 ...                                              
                                                  
l.109 \includepdf[pages={1}]{prorroga.pdf}
                                          
Using draft setting for this image.
Try typing  <return>  to proceed.
If that doesn't work, type  X <return>  to quit.


! Package pdftex.def Error: File `\AM@currentdocname .png' not found.

See the pdftex.def package documentation for explanation.
Type  H <return>  for immediate help.
 ...                                              
                                                  
l.109 \includepdf[pages={1}]{prorroga.pdf}
                                          
Using draft setting for this image.
Try typing  <return>  to proceed.
If that doesn't work, type  X <return>  to quit.

[3]

! Package pdfpages Error: Cannot find file `academico.pdf'.

See the pdfpages package documentation for explanation.
Type  H <return>  for immediate help.
 ...                                              
                                                  
l.115 \includepdf[pages={1}]{academico.pdf}
                                           
(That was another \errmessage.)

! Undefined control sequence.
\AM@checkpagenumber #1->\ifnum #1>\AM@pagecount 
                                                \relax \ifthenelse {\boolean...
l.115 \includepdf[pages={1}]{academico.pdf}
                                           
The control sequence at the end of the top line
of your error message was never \def'ed. If you have
misspelled it (e.g., `\hobx'), type `I' and the correct
spelling (e.g., `I\hbox'). Otherwise just continue,
and I'll forget about whatever was undefined.

! Missing number, treated as zero.
<to be read again> 
                   \relax 
l.115 \includepdf[pages={1}]{academico.pdf}
                                           
A number should have been here; I inserted `0'.
(If you can't figure out why I needed to see a number,
look up `weird error' in the index to The TeXbook.)


! Package pdfpages Error: page 1 of `\AM@currentdocname ' does not exist.

See the pdfpages package documentation for explanation.
Type  H <return>  for immediate help.
 ...                                              
                                                  
l.115 \includepdf[pages={1}]{academico.pdf}
                                           
You have set a wrong page number in the `pages' option. Document 
`\AM@currentdocname ' does not have 1 pages.

[4]

! Package pdftex.def Error: File `\AM@currentdocname .png' not found.

See the pdftex.def package documentation for explanation.
Type  H <return>  for immediate help.
 ...                                              
                                                  
l.115 \includepdf[pages={1}]{academico.pdf}
                                           
Using draft setting for this image.
Try typing  <return>  to proceed.
If that doesn't work, type  X <return>  to quit.


! Package pdftex.def Error: File `\AM@currentdocname .png' not found.

See the pdftex.def package documentation for explanation.
Type  H <return>  for immediate help.
 ...                                              
                                                  
l.115 \includepdf[pages={1}]{academico.pdf}
                                           
Using draft setting for this image.
Try typing  <return>  to proceed.
If that doesn't work, type  X <return>  to quit.


! Package pdftex.def Error: File `\AM@currentdocname .png' not found.

See the pdftex.def package documentation for explanation.
Type  H <return>  for immediate help.
 ...                                              
                                                  
l.115 \includepdf[pages={1}]{academico.pdf}
                                           
Using draft setting for this image.
Try typing  <return>  to proceed.
If that doesn't work, type  X <return>  to quit.


! Package pdftex.def Error: File `\AM@currentdocname .png' not found.

See the pdftex.def package documentation for explanation.
Type  H <return>  for immediate help.
 ...                                              
                                                  
l.115 \includepdf[pages={1}]{academico.pdf}
                                           
Using draft setting for this image.
Try typing  <return>  to proceed.
If that doesn't work, type  X <return>  to quit.


! Package pdftex.def Error: File `\AM@currentdocname .png' not found.

See the pdftex.def package documentation for explanation.
Type  H <return>  for immediate help.
 ...                                              
                                                  
l.115 \includepdf[pages={1}]{academico.pdf}
                                           
Using draft setting for this image.
Try typing  <return>  to proceed.
If that doesn't work, type  X <return>  to quit.

[5]

! Package pdfpages Error: Cannot find file `declaratoria.pdf'.

See the pdfpages package documentation for explanation.
Type  H <return>  for immediate help.
 ...                                              
                                                  
l.120 \includepdf[pages={1}]{declaratoria.pdf}
                                              
(That was another \errmessage.)

! Undefined control sequence.
\AM@checkpagenumber #1->\ifnum #1>\AM@pagecount 
                                                \relax \ifthenelse {\boolean...
l.120 \includepdf[pages={1}]{declaratoria.pdf}
                                              
The control sequence at the end of the top line
of your error message was never \def'ed. If you have
misspelled it (e.g., `\hobx'), type `I' and the correct
spelling (e.g., `I\hbox'). Otherwise just continue,
and I'll forget about whatever was undefined.

! Missing number, treated as zero.
<to be read again> 
                   \relax 
l.120 \includepdf[pages={1}]{declaratoria.pdf}
                                              
A number should have been here; I inserted `0'.
(If you can't figure out why I needed to see a number,
look up `weird error' in the index to The TeXbook.)


! Package pdfpages Error: page 1 of `\AM@currentdocname ' does not exist.

See the pdfpages package documentation for explanation.
Type  H <return>  for immediate help.
 ...                                              
                                                  
l.120 \includepdf[pages={1}]{declaratoria.pdf}
                                              
You have set a wrong page number in the `pages' option. Document 
`\AM@currentdocname ' does not have 1 pages.

[6]

! Package pdftex.def Error: File `\AM@currentdocname .png' not found.

See the pdftex.def package documentation for explanation.
Type  H <return>  for immediate help.
 ...                                              
                                                  
l.120 \includepdf[pages={1}]{declaratoria.pdf}
                                              
Using draft setting for this image.
Try typing  <return>  to proceed.
If that doesn't work, type  X <return>  to quit.


! Package pdftex.def Error: File `\AM@currentdocname .png' not found.

See the pdftex.def package documentation for explanation.
Type  H <return>  for immediate help.
 ...                                              
                                                  
l.120 \includepdf[pages={1}]{declaratoria.pdf}
                                              
Using draft setting for this image.
Try typing  <return>  to proceed.
If that doesn't work, type  X <return>  to quit.


! Package pdftex.def Error: File `\AM@currentdocname .png' not found.

See the pdftex.def package documentation for explanation.
Type  H <return>  for immediate help.
 ...                                              
                                                  
l.120 \includepdf[pages={1}]{declaratoria.pdf}
                                              
Using draft setting for this image.
Try typing  <return>  to proceed.
If that doesn't work, type  X <return>  to quit.


! Package pdftex.def Error: File `\AM@currentdocname .png' not found.

See the pdftex.def package documentation for explanation.
Type  H <return>  for immediate help.
 ...                                              
                                                  
l.120 \includepdf[pages={1}]{declaratoria.pdf}
                                              
Using draft setting for this image.
Try typing  <return>  to proceed.
If that doesn't work, type  X <return>  to quit.


! Package pdftex.def Error: File `\AM@currentdocname .png' not found.

See the pdftex.def package documentation for explanation.
Type  H <return>  for immediate help.
 ...                                              
                                                  
l.120 \includepdf[pages={1}]{declaratoria.pdf}
                                              
Using draft setting for this image.
Try typing  <return>  to proceed.
If that doesn't work, type  X <return>  to quit.

[7]

! Package pdfpages Error: Cannot find file `dictamen.pdf'.

See the pdfpages package documentation for explanation.
Type  H <return>  for immediate help.
 ...                                              
                                                  
l.125 \includepdf[pages={1}]{dictamen.pdf}
                                          
(That was another \errmessage.)

! Undefined control sequence.
\AM@checkpagenumber #1->\ifnum #1>\AM@pagecount 
                                                \relax \ifthenelse {\boolean...
l.125 \includepdf[pages={1}]{dictamen.pdf}
                                          
The control sequence at the end of the top line
of your error message was never \def'ed. If you have
misspelled it (e.g., `\hobx'), type `I' and the correct
spelling (e.g., `I\hbox'). Otherwise just continue,
and I'll forget about whatever was undefined.

! Missing number, treated as zero.
<to be read again> 
                   \relax 
l.125 \includepdf[pages={1}]{dictamen.pdf}
                                          
A number should have been here; I inserted `0'.
(If you can't figure out why I needed to see a number,
look up `weird error' in the index to The TeXbook.)


! Package pdfpages Error: page 1 of `\AM@currentdocname ' does not exist.

See the pdfpages package documentation for explanation.
Type  H <return>  for immediate help.
 ...                                              
                                                  
l.125 \includepdf[pages={1}]{dictamen.pdf}
                                          
You have set a wrong page number in the `pages' option. Document 
`\AM@currentdocname ' does not have 1 pages.

[8]

! Package pdftex.def Error: File `\AM@currentdocname .png' not found.

See the pdftex.def package documentation for explanation.
Type  H <return>  for immediate help.
 ...                                              
                                                  
l.125 \includepdf[pages={1}]{dictamen.pdf}
                                          
Using draft setting for this image.
Try typing  <return>  to proceed.
If that doesn't work, type  X <return>  to quit.


! Package pdftex.def Error: File `\AM@currentdocname .png' not found.

See the pdftex.def package documentation for explanation.
Type  H <return>  for immediate help.
 ...                                              
                                                  
l.125 \includepdf[pages={1}]{dictamen.pdf}
                                          
Using draft setting for this image.
Try typing  <return>  to proceed.
If that doesn't work, type  X <return>  to quit.


! Package pdftex.def Error: File `\AM@currentdocname .png' not found.

See the pdftex.def package documentation for explanation.
Type  H <return>  for immediate help.
 ...                                              
                                                  
l.125 \includepdf[pages={1}]{dictamen.pdf}
                                          
Using draft setting for this image.
Try typing  <return>  to proceed.
If that doesn't work, type  X <return>  to quit.


! Package pdftex.def Error: File `\AM@currentdocname .png' not found.

See the pdftex.def package documentation for explanation.
Type  H <return>  for immediate help.
 ...                                              
                                                  
l.125 \includepdf[pages={1}]{dictamen.pdf}
                                          
Using draft setting for this image.
Try typing  <return>  to proceed.
If that doesn't work, type  X <return>  to quit.


! Package pdftex.def Error: File `\AM@currentdocname .png' not found.

See the pdftex.def package documentation for explanation.
Type  H <return>  for immediate help.
 ...                                              
                                                  
l.125 \includepdf[pages={1}]{dictamen.pdf}
                                          
Using draft setting for this image.
Try typing  <return>  to proceed.
If that doesn't work, type  X <return>  to quit.

[9] [10] [11

] [12

]
(C:\Users\omar\Documents\GitHub\UDG_Create\docs\backup\Tesis.toc
LaTeX Font Info:    Try loading font information for OMS+cmr on input line 5.

("C:\Program Files (x86)\MiKTeX 2.9\tex\latex\base\omscmr.fd"
File: omscmr.fd 1999/05/25 v2.5h Standard LaTeX font definitions
)
LaTeX Font Info:    Font shape `OMS/cmr/m/n' in size <8> not available
(Font)              Font shape `OMS/cmsy/m/n' tried instead on input line 5.
LaTeX Font Info:    External font `cmex10' loaded for size
(Font)              <5> on input line 5.
 [13] [14]
[15] [16]
Overfull \hbox (5.1284pt too wide) in paragraph at lines 135--135
 [][] [][] \OT1/cmr/m/n/12 void pwm-Low-Si-de-Dri-vers( un-sig-ned char dir- 
 []

[17]
Overfull \hbox (56.15457pt too wide) in paragraph at lines 202--202
 [][] [][]\OT1/cmr/m/n/12 void ge-tEx-ter-nal-Sen-sors(int[NUMBER[]OF[]SENSORS]
 
 []

[18]
Overfull \hbox (0.23262pt too wide) in paragraph at lines 206--206
 [][] [][]\OT1/cmr/m/n/12 int to-LittleEn-dian(unsigned char* sour-ce,int 
 []


Overfull \hbox (9.75475pt too wide) in paragraph at lines 210--210
 [][] [][]\OT1/cmr/m/n/12 int read-Bum-psAndW-heel-Drops(unsigned char 
 []


Overfull \hbox (12.24359pt too wide) in paragraph at lines 233--233
 [][] [][]\OT1/cmr/m/n/12 int read-Car-goA-na-log-Sig-nal(unsigned char *da- 
 []

[19]
Overfull \hbox (4.63673pt too wide) in paragraph at lines 243--243
 [][] [][]\OT1/cmr/m/n/12 int up-da-te-Sen-sor(unsigned char pac-ke-tID, int 
 []

)
\tf@toc=\write4
 [20] (C:\Users\omar\Documents\GitHub\UDG_Create\docs\backup\Tesis.lof
LaTeX Font Info:    Font shape `OMS/cmr/m/n' in size <6> not available
(Font)              Font shape `OMS/cmsy/m/n' tried instead on input line 13.

Overfull \hbox (11.68274pt too wide) in paragraph at lines 20--20
 [][] [][]\OT1/cmr/m/n/12 Comparacion en-tre dis-tin-tos mo-de-los de progrma-
cion. a) iRo-bot Create$[]$ 
 []

[21

])
\tf@lof=\write5
 [22]
Cap\'{\i }tulo 1.

Underfull \hbox (badness 10000) in paragraph at lines 162--169

 []


Underfull \vbox (badness 6348) has occurred while \output is active []

 [1

]

LaTeX Warning: File `figures/qbot.jpg' not found on input line 172.


! Package pdftex.def Error: File `figures/qbot.jpg' not found.

See the pdftex.def package documentation for explanation.
Type  H <return>  for immediate help.
 ...                                              
                                                  
l.172 ...cs[width=0.8\textwidth]{figures/qbot.jpg}
                                                  
Using draft setting for this image.
Try typing  <return>  to proceed.
If that doesn't work, type  X <return>  to quit.


Underfull \hbox (badness 10000) in paragraph at lines 179--184

 []


Underfull \vbox (badness 10000) has occurred while \output is active []

 [2]
[3] [4]
Cap\'{\i }tulo 2.
LaTeX Font Info:    External font `cmex10' loaded for size
(Font)              <17.28> on input line 193.
LaTeX Font Info:    Font shape `OMS/cmr/bx/n' in size <12> not available
(Font)              Font shape `OMS/cmsy/b/n' tried instead on input line 193.

Package hyperref Warning: Token not allowed in a PDF string (PDFDocEncoding):
(hyperref)                removing `\mathsurround' on input line 193.


Package hyperref Warning: Token not allowed in a PDF string (PDFDocEncoding):
(hyperref)                removing `\z@' on input line 193.


Package hyperref Warning: Token not allowed in a PDF string (PDFDocEncoding):
(hyperref)                removing `superscript' on input line 193.


LaTeX Warning: File `figures/create.jpg' not found on input line 199.


! Package pdftex.def Error: File `figures/create.jpg' not found.

See the pdftex.def package documentation for explanation.
Type  H <return>  for immediate help.
 ...                                              
                                                  
l.199 ...[width=0.8\textwidth]{figures/create.jpg}
                                                  
Using draft setting for this image.
Try typing  <return>  to proceed.
If that doesn't work, type  X <return>  to quit.

LaTeX Font Info:    External font `cmex10' loaded for size
(Font)              <10.95> on input line 200.

Underfull \hbox (badness 10000) in paragraph at lines 195--207

 []


LaTeX Warning: File `figures/terminalesrs232.png' not found on input line 220.


! Package pdftex.def Error: File `figures/terminalesrs232.png' not found.

See the pdftex.def package documentation for explanation.
Type  H <return>  for immediate help.
 ...                                              
                                                  
l.220 ...8\textwidth]{figures/terminalesrs232.png}
                                                  
Using draft setting for this image.
Try typing  <return>  to proceed.
If that doesn't work, type  X <return>  to quit.


Underfull \vbox (badness 7888) has occurred while \output is active []

 [5

]
[6]

LaTeX Warning: File `figures/comunicacionrs232.png' not found on input line 229
.


! Package pdftex.def Error: File `figures/comunicacionrs232.png' not found.

See the pdftex.def package documentation for explanation.
Type  H <return>  for immediate help.
 ...                                              
                                                  
l.229 ...textwidth]{figures/comunicacionrs232.png}
                                                  
Using draft setting for this image.
Try typing  <return>  to proceed.
If that doesn't work, type  X <return>  to quit.


Underfull \hbox (badness 10000) in paragraph at lines 236--239

 []


Underfull \vbox (badness 10000) has occurred while \output is active []

 [7]
[8] [9]
Underfull \hbox (badness 10000) in paragraph at lines 242--249

 []

[10]

LaTeX Warning: File `figures/topologiaUSB.png' not found on input line 252.


! Package pdftex.def Error: File `figures/topologiaUSB.png' not found.

See the pdftex.def package documentation for explanation.
Type  H <return>  for immediate help.
 ...                                              
                                                  
l.252 ...=0.8\textwidth]{figures/topologiaUSB.png}
                                                  
Using draft setting for this image.
Try typing  <return>  to proceed.
If that doesn't work, type  X <return>  to quit.


Underfull \hbox (badness 10000) in paragraph at lines 260--262

 []

[11]
Underfull \hbox (badness 10000) in paragraph at lines 265--268

 []

[12]
Cap\'{\i }tulo 3.

LaTeX Warning: File `figures/bloquesHardware.png' not found on input line 276.


! Package pdftex.def Error: File `figures/bloquesHardware.png' not found.

See the pdftex.def package documentation for explanation.
Type  H <return>  for immediate help.
 ...                                              
                                                  
l.276 ...8\textwidth]{figures/bloquesHardware.png}
                                                  
Using draft setting for this image.
Try typing  <return>  to proceed.
If that doesn't work, type  X <return>  to quit.


Underfull \hbox (badness 10000) in paragraph at lines 273--287

 []

[13

] [14]

LaTeX Warning: File `figures/capas.png' not found on input line 294.


! Package pdftex.def Error: File `figures/capas.png' not found.

See the pdftex.def package documentation for explanation.
Type  H <return>  for immediate help.
 ...                                              
                                                  
l.294 ...s[width=0.8\textwidth]{figures/capas.png}
                                                  
Using draft setting for this image.
Try typing  <return>  to proceed.
If that doesn't work, type  X <return>  to quit.

LaTeX Font Info:    Font shape `OMS/cmr/m/n' in size <12> not available
(Font)              Font shape `OMS/cmsy/m/n' tried instead on input line 305.
LaTeX Font Info:    Try loading font information for OML+cmr on input line 306.

("C:\Program Files (x86)\MiKTeX 2.9\tex\latex\base\omlcmr.fd"
File: omlcmr.fd 1999/05/25 v2.5h Standard LaTeX font definitions
)
LaTeX Font Info:    Font shape `OML/cmr/m/n' in size <12> not available
(Font)              Font shape `OML/cmm/m/it' tried instead on input line 306.
 [15] [16]
Underfull \hbox (badness 10000) in paragraph at lines 335--336

 []

[17] [18]
Cap\'{\i }tulo 4.

LaTeX Warning: File `figures/createPinout.png' not found on input line 365.


! Package pdftex.def Error: File `figures/createPinout.png' not found.

See the pdftex.def package documentation for explanation.
Type  H <return>  for immediate help.
 ...                                              
                                                  
l.365 ...=0.8\textwidth]{figures/createPinout.png}
                                                  
Using draft setting for this image.
Try typing  <return>  to proceed.
If that doesn't work, type  X <return>  to quit.


LaTeX Warning: File `figures/lm7805.png' not found on input line 374.


! Package pdftex.def Error: File `figures/lm7805.png' not found.

See the pdftex.def package documentation for explanation.
Type  H <return>  for immediate help.
 ...                                              
                                                  
l.374 ...[width=0.8\textwidth]{figures/lm7805.png}
                                                  
Using draft setting for this image.
Try typing  <return>  to proceed.
If that doesn't work, type  X <return>  to quit.


LaTeX Warning: File `figures/max232.png' not found on input line 386.


! Package pdftex.def Error: File `figures/max232.png' not found.

See the pdftex.def package documentation for explanation.
Type  H <return>  for immediate help.
 ...                                              
                                                  
l.386 ...[width=0.8\textwidth]{figures/max232.png}
                                                  
Using draft setting for this image.
Try typing  <return>  to proceed.
If that doesn't work, type  X <return>  to quit.

[19

] [20] [21]

LaTeX Warning: File `figures/diagramaUSB.png' not found on input line 396.


! Package pdftex.def Error: File `figures/diagramaUSB.png' not found.

See the pdftex.def package documentation for explanation.
Type  H <return>  for immediate help.
 ...                                              
                                                  
l.396 ...h=0.8\textwidth]{figures/diagramaUSB.png}
                                                  
Using draft setting for this image.
Try typing  <return>  to proceed.
If that doesn't work, type  X <return>  to quit.

[22] [23] [24

]
Cap\'{\i }tulo 5.

Underfull \hbox (badness 10000) in paragraph at lines 403--404

 []


Underfull \hbox (badness 10000) in paragraph at lines 405--406

 []

[25]
Underfull \hbox (badness 10000) in paragraph at lines 421--422

 []

[26]
Overfull \hbox (8.0964pt too wide) in paragraph at lines 477--479
\OT1/cmr/m/n/12 Los cam-pos iden-ti-fi-ca-dor de fa-bri-can-te (0x04D8) e iden-
ti-fi-ca-dor de dis-po-si-ti-vo (0x003F)
 []

[27] [28]
LaTeX Font Info:    Font shape `OMS/cmr/m/it' in size <12> not available
(Font)              Font shape `OMS/cmsy/m/n' tried instead on input line 513.

Underfull \vbox (badness 10000) has occurred while \output is active []

 [29]
[30] [31]
Underfull \hbox (badness 10000) in paragraph at lines 609--610

 []

[32] [33]
Underfull \hbox (badness 10000) in paragraph at lines 666--667

 []

[34] [35]
Underfull \hbox (badness 10000) in paragraph at lines 723--725

 []

[36]
Underfull \hbox (badness 10000) in paragraph at lines 739--740

 []


Underfull \hbox (badness 10000) in paragraph at lines 741--742

 []


Underfull \hbox (badness 10000) in paragraph at lines 753--755

 []

[37] [38]
Underfull \hbox (badness 10000) in paragraph at lines 800--801

 []


Underfull \hbox (badness 10000) in paragraph at lines 803--804

 []

[39]
Underfull \vbox (badness 10000) has occurred while \output is active []

 [40]

LaTeX Warning: File `figures/endianess.png' not found on input line 880.


! Package pdftex.def Error: File `figures/endianess.png' not found.

See the pdftex.def package documentation for explanation.
Type  H <return>  for immediate help.
 ...                                              
                                                  
l.880 ...dth=0.8\textwidth]{figures/endianess.png}
                                                  
Using draft setting for this image.
Try typing  <return>  to proceed.
If that doesn't work, type  X <return>  to quit.

[41] [42] [43]
Underfull \hbox (badness 10000) in paragraph at lines 923--927

 []

[44]
Cap\'{\i }tulo 6.

LaTeX Warning: File `figures/benchmark.png' not found on input line 932.


! Package pdftex.def Error: File `figures/benchmark.png' not found.

See the pdftex.def package documentation for explanation.
Type  H <return>  for immediate help.
 ...                                              
                                                  
l.932 ...dth=0.8\textwidth]{figures/benchmark.png}
                                                  
Using draft setting for this image.
Try typing  <return>  to proceed.
If that doesn't work, type  X <return>  to quit.


Underfull \hbox (badness 10000) in paragraph at lines 939--940

 []


LaTeX Warning: File `figures/qbotworkspace.png' not found on input line 943.


! Package pdftex.def Error: File `figures/qbotworkspace.png' not found.

See the pdftex.def package documentation for explanation.
Type  H <return>  for immediate help.
 ...                                              
                                                  
l.943 ...0.8\textwidth]{figures/qbotworkspace.png}
                                                  
Using draft setting for this image.
Try typing  <return>  to proceed.
If that doesn't work, type  X <return>  to quit.


LaTeX Warning: File `figures/createWorkspace.png' not found on input line 952.


! Package pdftex.def Error: File `figures/createWorkspace.png' not found.

See the pdftex.def package documentation for explanation.
Type  H <return>  for immediate help.
 ...                                              
                                                  
l.952 ...8\textwidth]{figures/createWorkspace.png}
                                                  
Using draft setting for this image.
Try typing  <return>  to proceed.
If that doesn't work, type  X <return>  to quit.


Underfull \hbox (badness 10000) in paragraph at lines 959--961

 []


Underfull \vbox (badness 1371) has occurred while \output is active []

 [45

]
[46] [47] [48]

LaTeX Warning: File `figures/tabla.png' not found on input line 965.


! Package pdftex.def Error: File `figures/tabla.png' not found.

See the pdftex.def package documentation for explanation.
Type  H <return>  for immediate help.
 ...                                              
                                                  
l.965 ...s[width=0.8\textwidth]{figures/tabla.png}
                                                  
Using draft setting for this image.
Try typing  <return>  to proceed.
If that doesn't work, type  X <return>  to quit.

[49] [50]
Cap\'{\i }tulo 7.

LaTeX Warning: File `figures/esquemaPlaca.png' not found on input line 981.


! Package pdftex.def Error: File `figures/esquemaPlaca.png' not found.

See the pdftex.def package documentation for explanation.
Type  H <return>  for immediate help.
 ...                                              
                                                  
l.981 ...=0.8\textwidth]{figures/esquemaPlaca.png}
                                                  
Using draft setting for this image.
Try typing  <return>  to proceed.
If that doesn't work, type  X <return>  to quit.


LaTeX Warning: `h' float specifier changed to `ht'.


LaTeX Warning: File `figures/pcb.jpg' not found on input line 990.


! Package pdftex.def Error: File `figures/pcb.jpg' not found.

See the pdftex.def package documentation for explanation.
Type  H <return>  for immediate help.
 ...                                              
                                                  
l.990 ...ics[width=0.8\textwidth]{figures/pcb.jpg}
                                                  
Using draft setting for this image.
Try typing  <return>  to proceed.
If that doesn't work, type  X <return>  to quit.


LaTeX Warning: `h' float specifier changed to `ht'.


LaTeX Warning: File `figures/cargo.jpg' not found on input line 1001.


! Package pdftex.def Error: File `figures/cargo.jpg' not found.

See the pdftex.def package documentation for explanation.
Type  H <return>  for immediate help.
 ...                                              
                                                  
l.1001 ...[width=0.8\textwidth]{figures/cargo.jpg}
                                                  
Using draft setting for this image.
Try typing  <return>  to proceed.
If that doesn't work, type  X <return>  to quit.


LaTeX Warning: File `figures/usbcable.jpg' not found on input line 1010.


! Package pdftex.def Error: File `figures/usbcable.jpg' not found.

See the pdftex.def package documentation for explanation.
Type  H <return>  for immediate help.
 ...                                              
                                                  
l.1010 ...dth=0.8\textwidth]{figures/usbcable.jpg}
                                                  
Using draft setting for this image.
Try typing  <return>  to proceed.
If that doesn't work, type  X <return>  to quit.


LaTeX Warning: File `figures/serialcable.jpg' not found on input line 1019.


! Package pdftex.def Error: File `figures/serialcable.jpg' not found.

See the pdftex.def package documentation for explanation.
Type  H <return>  for immediate help.
 ...                                              
                                                  
l.1019 ...=0.8\textwidth]{figures/serialcable.jpg}
                                                  
Using draft setting for this image.
Try typing  <return>  to proceed.
If that doesn't work, type  X <return>  to quit.


LaTeX Warning: File `figures/cables.jpg' not found on input line 1028.


! Package pdftex.def Error: File `figures/cables.jpg' not found.

See the pdftex.def package documentation for explanation.
Type  H <return>  for immediate help.
 ...                                              
                                                  
l.1028 ...width=0.8\textwidth]{figures/cables.jpg}
                                                  
Using draft setting for this image.
Try typing  <return>  to proceed.
If that doesn't work, type  X <return>  to quit.


LaTeX Warning: File `figures/sensors.jpg' not found on input line 1036.


! Package pdftex.def Error: File `figures/sensors.jpg' not found.

See the pdftex.def package documentation for explanation.
Type  H <return>  for immediate help.
 ...                                              
                                                  
l.1036 ...idth=0.8\textwidth]{figures/sensors.jpg}
                                                  
Using draft setting for this image.
Try typing  <return>  to proceed.
If that doesn't work, type  X <return>  to quit.


LaTeX Warning: File `figures/computerCables.jpg' not found on input line 1045.


! Package pdftex.def Error: File `figures/computerCables.jpg' not found.

See the pdftex.def package documentation for explanation.
Type  H <return>  for immediate help.
 ...                                              
                                                  
l.1045 ...8\textwidth]{figures/computerCables.jpg}
                                                  
Using draft setting for this image.
Try typing  <return>  to proceed.
If that doesn't work, type  X <return>  to quit.


LaTeX Warning: File `figures/usage.jpg' not found on input line 1054.


! Package pdftex.def Error: File `figures/usage.jpg' not found.

See the pdftex.def package documentation for explanation.
Type  H <return>  for immediate help.
 ...                                              
                                                  
l.1054 ...[width=0.8\textwidth]{figures/usage.jpg}
                                                  
Using draft setting for this image.
Try typing  <return>  to proceed.
If that doesn't work, type  X <return>  to quit.

[51

]
Underfull \vbox (badness 10000) has occurred while \output is active []

 [52]
[53] [54] [55] [56] [57] [58] [59] [60]
LaTeX Font Info:    Font shape `OML/cmr/m/it' in size <12> not available
(Font)              Font shape `OML/cmm/m/it' tried instead on input line 1064.

LaTeX Font Info:    External font `cmex10' loaded for size
(Font)              <7> on input line 1068.

Underfull \hbox (badness 10000) in paragraph at lines 1063--1075

 []


Underfull \hbox (badness 10000) in paragraph at lines 1076--1079

 []

Package hyperref Info: bookmark level for unknown lstlisting defaults to 0 on i
nput line 1081.
[61]
Overfull \hbox (0.97963pt too wide) in paragraph at lines 1095--1095
[]\OT1/cmr/bx/n/17.28 Uso de UDG[]Create co-mo bi-blio-te-ca estandar 
 []


Underfull \hbox (badness 10000) in paragraph at lines 1096--1100

 []

[62]
Underfull \hbox (badness 10000) in paragraph at lines 1117--1123

 []


Underfull \hbox (badness 10000) in paragraph at lines 1125--1130

 []


Underfull \hbox (badness 10000) in paragraph at lines 1131--1144

 []

[63]
Underfull \hbox (badness 10000) in paragraph at lines 1146--1153

 []


Underfull \hbox (badness 10000) in paragraph at lines 1155--1179

 []

[64]
Underfull \hbox (badness 10000) in paragraph at lines 1181--1185

 []


Underfull \hbox (badness 10000) in paragraph at lines 1187--1188

 []


Underfull \hbox (badness 10000) in paragraph at lines 1190--1192

 []


Underfull \hbox (badness 10000) in paragraph at lines 1193--1194

 []

[65]
Underfull \hbox (badness 10000) in paragraph at lines 1196--1197

 []


Underfull \hbox (badness 10000) in paragraph at lines 1199--1200

 []


Package hyperref Warning: Difference (2) between bookmark levels is greater 
(hyperref)                than one, level fixed on input line 1209.

[66] [67] [68] [69] [70] [71]
Underfull \hbox (badness 10000) in paragraph at lines 1328--1333

 []


Package hyperref Warning: Token not allowed in a PDF string (PDFDocEncoding):
(hyperref)                removing `\char' on input line 1334.


Underfull \hbox (badness 10000) in paragraph at lines 1334--1336

 []


Underfull \hbox (badness 10000) in paragraph at lines 1340--1342

 []


Underfull \hbox (badness 10000) in paragraph at lines 1343--1346

 []


Underfull \hbox (badness 10000) in paragraph at lines 1343--1346

 []


Underfull \hbox (badness 10000) in paragraph at lines 1347--1349

 []

[72]
Underfull \hbox (badness 10000) in paragraph at lines 1350--1352

 []


Underfull \hbox (badness 10000) in paragraph at lines 1353--1355

 []


Underfull \hbox (badness 10000) in paragraph at lines 1356--1358

 []


Underfull \hbox (badness 10000) in paragraph at lines 1359--1361

 []


Underfull \hbox (badness 10000) in paragraph at lines 1365--1368

 []


Underfull \hbox (badness 10000) in paragraph at lines 1365--1368

 []


Underfull \hbox (badness 10000) in paragraph at lines 1368--1371

 []


Underfull \hbox (badness 10000) in paragraph at lines 1368--1371

 []

[73]
Underfull \hbox (badness 10000) in paragraph at lines 1372--1373

 []


Underfull \hbox (badness 10000) in paragraph at lines 1374--1377

 []


Underfull \hbox (badness 10000) in paragraph at lines 1374--1377

 []


Underfull \hbox (badness 10000) in paragraph at lines 1378--1379

 []


Underfull \hbox (badness 10000) in paragraph at lines 1380--1388

 []


Underfull \hbox (badness 10000) in paragraph at lines 1380--1388

 []


Underfull \hbox (badness 10000) in paragraph at lines 1389--1390

 []


Underfull \hbox (badness 10000) in paragraph at lines 1391--1395

 []


Underfull \hbox (badness 10000) in paragraph at lines 1391--1395

 []


Underfull \hbox (badness 10000) in paragraph at lines 1391--1395

 []

[74]
Underfull \hbox (badness 10000) in paragraph at lines 1396--1400

 []


Underfull \hbox (badness 10000) in paragraph at lines 1396--1400

 []


Underfull \hbox (badness 10000) in paragraph at lines 1401--1402

 []


Underfull \hbox (badness 10000) in paragraph at lines 1403--1406

 []


Underfull \hbox (badness 10000) in paragraph at lines 1407--1410

 []


Underfull \hbox (badness 10000) in paragraph at lines 1407--1410

 []

[75]
Overfull \hbox (29.59102pt too wide) in paragraph at lines 1414--1416
[]\OT1/cmr/m/it/12 song(numeroDeCancion,numeroDeNotas, no-ta1,duracion1, no-ta2
, du-ra-cion2,...,notaN,
 []


Underfull \hbox (badness 10000) in paragraph at lines 1414--1416

 []


Underfull \hbox (badness 10000) in paragraph at lines 1417--1420

 []


Underfull \hbox (badness 10000) in paragraph at lines 1417--1420

 []


Underfull \hbox (badness 10000) in paragraph at lines 1421--1424

 []


Underfull \hbox (badness 10000) in paragraph at lines 1421--1424

 []


Underfull \hbox (badness 10000) in paragraph at lines 1425--1428

 []


Underfull \hbox (badness 10000) in paragraph at lines 1425--1428

 []


Overfull \hbox (4.29681pt too wide) in paragraph at lines 1429--1434
 \OT1/cmr/bx/n/12 7.6.3.1.25. void stream(unsigned char* des-ti-na-tion-Buf-fer
,void* th-read,int
 []


Underfull \hbox (badness 10000) in paragraph at lines 1429--1434

 []


Underfull \hbox (badness 10000) in paragraph at lines 1429--1434

 []

[76]
Underfull \hbox (badness 10000) in paragraph at lines 1435--1436

 []


Underfull \hbox (badness 10000) in paragraph at lines 1439--1440

 []


Underfull \hbox (badness 10000) in paragraph at lines 1441--1445

 []


Underfull \hbox (badness 10000) in paragraph at lines 1445--1448

 []


Underfull \hbox (badness 10000) in paragraph at lines 1451--1453

 []


Underfull \hbox (badness 10000) in paragraph at lines 1454--1456

 []

[77]
Underfull \hbox (badness 10000) in paragraph at lines 1457--1460

 []


Underfull \hbox (badness 10000) in paragraph at lines 1457--1460

 []


Underfull \hbox (badness 10000) in paragraph at lines 1461--1463

 []


Underfull \hbox (badness 10000) in paragraph at lines 1461--1463

 []


Underfull \hbox (badness 10000) in paragraph at lines 1464--1465

 []


Underfull \hbox (badness 10000) in paragraph at lines 1466--1469

 []


Underfull \hbox (badness 10000) in paragraph at lines 1470--1473

 []


Underfull \hbox (badness 10000) in paragraph at lines 1474--1477

 []

[78]
Underfull \hbox (badness 10000) in paragraph at lines 1477--1480

 []


Underfull \hbox (badness 10000) in paragraph at lines 1481--1483

 []


Underfull \hbox (badness 10000) in paragraph at lines 1483--1485

 []


Underfull \hbox (badness 10000) in paragraph at lines 1485--1487

 []


Underfull \hbox (badness 10000) in paragraph at lines 1487--1489

 []


Underfull \hbox (badness 10000) in paragraph at lines 1489--1491

 []


Underfull \hbox (badness 10000) in paragraph at lines 1491--1493

 []


Underfull \hbox (badness 10000) in paragraph at lines 1493--1495

 []

[79]
Underfull \hbox (badness 10000) in paragraph at lines 1495--1497

 []


Underfull \hbox (badness 10000) in paragraph at lines 1497--1499

 []


Underfull \hbox (badness 10000) in paragraph at lines 1499--1501

 []


Underfull \hbox (badness 10000) in paragraph at lines 1501--1503

 []


Underfull \hbox (badness 10000) in paragraph at lines 1503--1505

 []


Underfull \hbox (badness 10000) in paragraph at lines 1505--1507

 []


Underfull \hbox (badness 10000) in paragraph at lines 1507--1509

 []

[80]
Underfull \hbox (badness 10000) in paragraph at lines 1510--1512

 []


Underfull \hbox (badness 10000) in paragraph at lines 1512--1514

 []


Underfull \hbox (badness 10000) in paragraph at lines 1514--1516

 []


Underfull \hbox (badness 10000) in paragraph at lines 1516--1518

 []


Underfull \hbox (badness 10000) in paragraph at lines 1518--1520

 []


Underfull \hbox (badness 10000) in paragraph at lines 1520--1522

 []


Underfull \hbox (badness 10000) in paragraph at lines 1522--1524

 []

[81]
Underfull \hbox (badness 10000) in paragraph at lines 1525--1533

 []


Underfull \hbox (badness 10000) in paragraph at lines 1534--1536

 []


Underfull \hbox (badness 10000) in paragraph at lines 1536--1538

 []


Underfull \hbox (badness 10000) in paragraph at lines 1539--1541

 []


Underfull \hbox (badness 10000) in paragraph at lines 1541--1543

 []

[82]
Underfull \hbox (badness 10000) in paragraph at lines 1543--1545

 []


Underfull \hbox (badness 10000) in paragraph at lines 1545--1547

 []


Underfull \hbox (badness 10000) in paragraph at lines 1547--1549

 []


Underfull \hbox (badness 10000) in paragraph at lines 1549--1551

 []


Underfull \hbox (badness 10000) in paragraph at lines 1551--1553

 []


Underfull \hbox (badness 10000) in paragraph at lines 1553--1555

 []


Underfull \hbox (badness 10000) in paragraph at lines 1555--1557

 []

[83]
Underfull \hbox (badness 10000) in paragraph at lines 1557--1559

 []


Underfull \hbox (badness 10000) in paragraph at lines 1559--1561

 []


Underfull \hbox (badness 10000) in paragraph at lines 1561--1563

 []


Underfull \hbox (badness 10000) in paragraph at lines 1563--1565

 []


Underfull \hbox (badness 10000) in paragraph at lines 1565--1567

 []


Underfull \hbox (badness 10000) in paragraph at lines 1567--1569

 []


Underfull \hbox (badness 10000) in paragraph at lines 1569--1571

 []


Underfull \hbox (badness 10000) in paragraph at lines 1571--1577

 []

[84]
Underfull \hbox (badness 10000) in paragraph at lines 1577--1579

 []


Underfull \hbox (badness 10000) in paragraph at lines 1579--1581

 []


Underfull \hbox (badness 10000) in paragraph at lines 1581--1583

 []


Underfull \hbox (badness 10000) in paragraph at lines 1583--1585

 []


Underfull \hbox (badness 10000) in paragraph at lines 1585--1587

 []


Underfull \hbox (badness 10000) in paragraph at lines 1587--1589

 []


Underfull \hbox (badness 10000) in paragraph at lines 1589--1591

 []

[85]
Underfull \hbox (badness 10000) in paragraph at lines 1591--1593

 []


Underfull \hbox (badness 10000) in paragraph at lines 1593--1596

 []


Underfull \hbox (badness 10000) in paragraph at lines 1593--1596

 []


Underfull \hbox (badness 10000) in paragraph at lines 1596--1598

 []


Underfull \hbox (badness 10000) in paragraph at lines 1598--1603

 []


Underfull \hbox (badness 10000) in paragraph at lines 1598--1603

 []


Underfull \hbox (badness 10000) in paragraph at lines 1604--1607

 []


Underfull \hbox (badness 10000) in paragraph at lines 1604--1607

 []


Underfull \hbox (badness 10000) in paragraph at lines 1608--1614

 []

[86]
Underfull \hbox (badness 10000) in paragraph at lines 1616--1620

 []


Underfull \hbox (badness 10000) in paragraph at lines 1616--1620

 []


Underfull \hbox (badness 10000) in paragraph at lines 1623--1627

 []


Underfull \hbox (badness 10000) in paragraph at lines 1623--1627

 []


Underfull \hbox (badness 10000) in paragraph at lines 1628--1631

 []


Underfull \hbox (badness 10000) in paragraph at lines 1628--1631

 []

[87]
Underfull \hbox (badness 10000) in paragraph at lines 1632--1635

 []


Underfull \hbox (badness 10000) in paragraph at lines 1632--1635

 []


Underfull \hbox (badness 10000) in paragraph at lines 1636--1639

 []


Underfull \hbox (badness 10000) in paragraph at lines 1636--1639

 []


Underfull \hbox (badness 10000) in paragraph at lines 1640--1643

 []


Underfull \hbox (badness 10000) in paragraph at lines 1640--1643

 []


Underfull \hbox (badness 10000) in paragraph at lines 1644--1647

 []


Underfull \hbox (badness 10000) in paragraph at lines 1644--1647

 []


Underfull \hbox (badness 10000) in paragraph at lines 1648--1651

 []


Underfull \hbox (badness 10000) in paragraph at lines 1648--1651

 []

[88]
Underfull \hbox (badness 10000) in paragraph at lines 1652--1655

 []


Underfull \hbox (badness 10000) in paragraph at lines 1652--1655

 []


Underfull \hbox (badness 10000) in paragraph at lines 1656--1659

 []


Underfull \hbox (badness 10000) in paragraph at lines 1656--1659

 []


Underfull \hbox (badness 10000) in paragraph at lines 1660--1663

 []


Underfull \hbox (badness 10000) in paragraph at lines 1664--1667

 []

[89]
Underfull \hbox (badness 10000) in paragraph at lines 1668--1671

 []


Underfull \hbox (badness 10000) in paragraph at lines 1668--1671

 []


Underfull \hbox (badness 10000) in paragraph at lines 1672--1675

 []


Underfull \hbox (badness 10000) in paragraph at lines 1672--1675

 []


Underfull \hbox (badness 10000) in paragraph at lines 1676--1679

 []


Underfull \hbox (badness 10000) in paragraph at lines 1676--1679

 []


Underfull \hbox (badness 10000) in paragraph at lines 1680--1683

 []


Underfull \hbox (badness 10000) in paragraph at lines 1680--1683

 []


Underfull \hbox (badness 10000) in paragraph at lines 1684--1687

 []


Underfull \hbox (badness 10000) in paragraph at lines 1684--1687

 []


Underfull \hbox (badness 10000) in paragraph at lines 1688--1691

 []


Underfull \hbox (badness 10000) in paragraph at lines 1688--1691

 []

[90]
Underfull \hbox (badness 10000) in paragraph at lines 1692--1695

 []


Underfull \hbox (badness 10000) in paragraph at lines 1692--1695

 []


Underfull \hbox (badness 10000) in paragraph at lines 1696--1699

 []


Underfull \hbox (badness 10000) in paragraph at lines 1696--1699

 []


Underfull \hbox (badness 10000) in paragraph at lines 1700--1703

 []


Underfull \hbox (badness 10000) in paragraph at lines 1700--1703

 []


Underfull \hbox (badness 10000) in paragraph at lines 1704--1707

 []


Underfull \hbox (badness 10000) in paragraph at lines 1704--1707

 []


Underfull \hbox (badness 10000) in paragraph at lines 1708--1711

 []


Underfull \hbox (badness 10000) in paragraph at lines 1708--1711

 []

[91]
Underfull \hbox (badness 10000) in paragraph at lines 1712--1715

 []


Underfull \hbox (badness 10000) in paragraph at lines 1716--1719

 []


Underfull \hbox (badness 10000) in paragraph at lines 1716--1719

 []


Underfull \hbox (badness 10000) in paragraph at lines 1720--1723

 []


Underfull \hbox (badness 10000) in paragraph at lines 1720--1723

 []


Underfull \hbox (badness 10000) in paragraph at lines 1724--1727

 []


Underfull \hbox (badness 10000) in paragraph at lines 1724--1727

 []

[92]
Underfull \hbox (badness 10000) in paragraph at lines 1728--1731

 []


Underfull \hbox (badness 10000) in paragraph at lines 1732--1735

 []


Underfull \hbox (badness 10000) in paragraph at lines 1732--1735

 []


Underfull \hbox (badness 10000) in paragraph at lines 1736--1739

 []


Underfull \hbox (badness 10000) in paragraph at lines 1736--1739

 []


Underfull \hbox (badness 10000) in paragraph at lines 1740--1743

 []


Underfull \hbox (badness 10000) in paragraph at lines 1740--1743

 []


Underfull \hbox (badness 10000) in paragraph at lines 1744--1747

 []


Underfull \hbox (badness 10000) in paragraph at lines 1744--1747

 []

[93]
Underfull \hbox (badness 10000) in paragraph at lines 1748--1751

 []


Underfull \hbox (badness 10000) in paragraph at lines 1748--1751

 []


Underfull \hbox (badness 10000) in paragraph at lines 1752--1755

 []


Underfull \hbox (badness 10000) in paragraph at lines 1752--1755

 []


Underfull \hbox (badness 10000) in paragraph at lines 1756--1759

 []


Underfull \hbox (badness 10000) in paragraph at lines 1756--1759

 []


Underfull \hbox (badness 10000) in paragraph at lines 1760--1764

 []


Underfull \hbox (badness 10000) in paragraph at lines 1760--1764

 []


Underfull \hbox (badness 10000) in paragraph at lines 1765--1769

 []

[94]
Underfull \hbox (badness 10000) in paragraph at lines 1770--1773

 []

[95] [96

]
Cap\'{\i }tulo 8.
(C:\Users\omar\Documents\GitHub\UDG_Create\docs\backup\Tesis.bbl [97] [98

]
Underfull \hbox (badness 2073) in paragraph at lines 8--13
\OT1/cmr/m/n/12 Dis-po-ni-ble en []$\OT1/cmtt/m/n/12 http : / / www . lansingst
atejournal . com / article / 20130826 /$
 []


Underfull \hbox (badness 10000) in paragraph at lines 8--13
$\OT1/cmtt/m/n/12 BUSINESS / 308260003 / Demand-[]math-[]science-[]jobs-[]only-
[]expected-[]grow ?$
 []


Underfull \hbox (badness 1077) in paragraph at lines 20--25
[]\OT1/cmr/m/n/12 K. Da-vid-son, ``Fe-wer us stu-dents trai-ning for scien-ce c
a-reers.'' , SF-Ga-
 []


Underfull \hbox (badness 2142) in paragraph at lines 20--25
\OT1/cmr/m/n/12 te, [En lnea] Dis-po-ni-ble en []$\OT1/cmtt/m/n/12 http : / /
 www . sfgate . com / science / article /$
 []


Underfull \hbox (badness 6380) in paragraph at lines 20--25
$\OT1/cmtt/m/n/12 Fewer-[]U-[]S-[]students-[]training-[]for-[]science-[]careers
-[]2760252 . php$[]\OT1/cmr/m/n/12 , May
 []


Underfull \hbox (badness 10000) in paragraph at lines 33--38
\OT1/cmr/m/n/12 [En lnea] Dis-po-ni-ble en []$\OT1/cmtt/m/n/12 http : / / cit
eseerx . ist . psu . edu / viewdoc /$
 []


Underfull \hbox (badness 10000) in paragraph at lines 33--38
$\OT1/cmtt/m/n/12 download ; jsessionid = 5D968BDFF4FE0A87D3D68B1B69B4FFEF ? do
i = 10 . 1 .$
 []


Underfull \hbox (badness 2205) in paragraph at lines 47--53
\OT1/cmr/m/n/12 lnea] Dis-po-ni-ble en []$\OT1/cmtt/m/n/12 http : / / ieeexpl
ore . ieee . org / xpl / articleDetails .$
 []


Underfull \hbox (badness 10000) in paragraph at lines 47--53
$\OT1/cmtt/m/n/12 jsp ? tp = &arnumber = 5090152&tag = 1&url = http % 3A % 2F %
 2Fieeexplore . ieee .$
 []


Underfull \hbox (badness 10000) in paragraph at lines 47--53
$\OT1/cmtt/m/n/12 org % 2Fstamp % 2Fstamp . jsp % 3Ftp % 3D % 26arnumber % 3D50
90152 % 26tag % 3D1$[]\OT1/cmr/m/n/12 ,
 []

[99]
Underfull \hbox (badness 1348) in paragraph at lines 67--72
[]\OT1/cmr/m/n/12 D. Hen-riks-son, A. Cer-vin, and K.-E. []Arzen, ``True-ti-me
: Real-time con-
 []


Underfull \hbox (badness 6559) in paragraph at lines 67--72
\OT1/cmr/m/n/12 trol sys-tem si-mu-la-tion with matla-b/-si-mu-link.'' [En ln
ea] Dis-po-ni-ble
 []


Underfull \hbox (badness 2547) in paragraph at lines 80--85
[]\OT1/cmr/m/n/12 iRobot Cor-po-ra-tion, ``iRo-bot crea-te open in-ter-fa-ce.''
 [En lnea] Dis-po-
 []


Underfull \hbox (badness 1418) in paragraph at lines 80--85
\OT1/cmr/m/n/12 ni-ble en []$\OT1/cmtt/m/n/12 http : / / www . irobot . com / f
ilelibrary / pdfs / hrd / create / Create %$
 []


Underfull \hbox (badness 1584) in paragraph at lines 87--91
[]\OT1/cmr/m/n/12 iRobot Cor-po-ra-tion, ``Crea-te pro-duct pa-ge de-tails.'' [
En lnea] Dis-po-ni-
 []


Underfull \hbox (badness 10000) in paragraph at lines 93--97
$\OT1/cmtt/m/n/12 / / procrastineering . blogspot . mx / 2011 / 02 / low-[]cost
-[]video-[]chat-[]robot .$
 []


Overfull \hbox (54.18698pt too wide) in paragraph at lines 106--111
$\OT1/cmtt/m/n/12 hacked-[]irobot-[]uses-[]xbox-[]kinect-[]to-[]see-[]the-[]wor
ld-[]obey-[]your-[]commands-[]video/$[]\OT1/cmr/m/n/12 ,
 []

[100]
Underfull \hbox (badness 1796) in paragraph at lines 120--123
[]\OT1/cmr/m/n/12 M. Kui-pers, ``Lo-ca-li-za-tion with the iro-bot crea-te.'' [
En lnea] Dis-po-ni-
 []


Underfull \hbox (badness 2073) in paragraph at lines 169--174
\OT1/cmr/m/n/12 Dis-po-ni-ble en []$\OT1/cmtt/m/n/12 http : / / store . irobot 
. com / family / index . jsp ? categoryId =$
 []

[101]
Underfull \hbox (badness 2495) in paragraph at lines 181--184
[]\OT1/cmr/m/n/12 Willow  Ga-ra-ge , ``Turtle-bot.'' [En lnea] Dis-po-ni-ble 
en []$\OT1/cmtt/m/n/12 http : / / www .$
 []


Underfull \hbox (badness 2644) in paragraph at lines 193--198
[]\OT1/cmr/m/n/12 C. Nug-te-ren, G.-J. v. d. Braak, and H. Cor-po-raal, ``Fu-tu
-re of gpg-
 []


Underfull \hbox (badness 8189) in paragraph at lines 193--198
\OT1/cmr/m/n/12 pu micro-architectural pa-ra-me-ters.'' [En lnea] Dis-po-ni-b
le en []$\OT1/cmtt/m/n/12 http :$
 []


Underfull \hbox (badness 10000) in paragraph at lines 193--198
$\OT1/cmtt/m/n/12 / / parse . ele . tue . nl / system / attachments / 39 / orig
inal / DATE _ Future _$
 []

) [102]
Cap\'{\i }tulo 9.

! Package Listings Error: File `source/Firmware/main(.c)' not found.

Type X to quit or <RETURN> to proceed,
or enter new name. (Default extension: c)

Enter file name: 
! Emergency stop.
<read *> 
         
l.1793 \lstinputlisting{source/Firmware/main.c}
                                               
*** (cannot \read from terminal in nonstop modes)

 
Here is how much of TeX's memory you used:
 12659 strings out of 493921
 184672 string characters out of 3144880
 350112 words of memory out of 3000000
 14922 multiletter control sequences out of 15000+200000
 12674 words of font info for 44 fonts, out of 3000000 for 9000
 841 hyphenation exceptions out of 8191
 37i,17n,58p,1183b,1814s stack positions out of 5000i,500n,10000p,200000b,50000s
!  ==> Fatal error occurred, no output PDF file produced!
