This is pdfTeX, Version 3.1415926-2.4-1.40.13 (MiKTeX 2.9) (preloaded format=pdflatex 2013.9.9)  10 JUL 2014 16:27
entering extended mode
**Tesis.tex
("C:\Users\omar\Documents\Nueva carpeta\Tesis\Tesis.tex"
LaTeX2e <2011/06/27>
Babel <v3.8m> and hyphenation patterns for english, afrikaans, ancientgreek, ar
abic, armenian, assamese, basque, bengali, bokmal, bulgarian, catalan, coptic, 
croatian, czech, danish, dutch, esperanto, estonian, farsi, finnish, french, ga
lician, german, german-x-2012-05-30, greek, gujarati, hindi, hungarian, iceland
ic, indonesian, interlingua, irish, italian, kannada, kurmanji, latin, latvian,
 lithuanian, malayalam, marathi, mongolian, mongolianlmc, monogreek, ngerman, n
german-x-2012-05-30, nynorsk, oriya, panjabi, pinyin, polish, portuguese, roman
ian, russian, sanskrit, serbian, slovak, slovenian, spanish, swedish, swissgerm
an, tamil, telugu, turkish, turkmen, ukenglish, ukrainian, uppersorbian, usengl
ishmax, welsh, loaded.
("C:\Program Files (x86)\MiKTeX 2.9\tex\latex\base\book.cls"
Document Class: book 2007/10/19 v1.4h Standard LaTeX document class
("C:\Program Files (x86)\MiKTeX 2.9\tex\latex\base\bk12.clo"
File: bk12.clo 2007/10/19 v1.4h Standard LaTeX file (size option)
)
\c@part=\count79
\c@chapter=\count80
\c@section=\count81
\c@subsection=\count82
\c@subsubsection=\count83
\c@paragraph=\count84
\c@subparagraph=\count85
\c@figure=\count86
\c@table=\count87
\abovecaptionskip=\skip41
\belowcaptionskip=\skip42
\bibindent=\dimen102
)
("C:\Program Files (x86)\MiKTeX 2.9\tex\generic\babel\babel.sty"
Package: babel 2008/07/08 v3.8m The Babel package

*************************************
* Local config file bblopts.cfg used
*
("C:\Program Files (x86)\MiKTeX 2.9\tex\latex\00miktex\bblopts.cfg"
File: bblopts.cfg 2006/07/31 v1.0 MiKTeX 'babel' configuration
)
("C:\Program Files (x86)\MiKTeX 2.9\tex\generic\babel\spanish.ldf"
Language: spanish.ldf 2009/01/02 v5.0h Spanish support from the babel system

("C:\Program Files (x86)\MiKTeX 2.9\tex\generic\babel\babel.def"
File: babel.def 2008/07/08 v3.8m Babel common definitions
\babel@savecnt=\count88
\U@D=\dimen103
)
\es@datefmt=\count89
\es@quottoks=\toks14
\es@quotdepth=\count90
Package babel Info: Making " an active character on input line 492.
Package babel Info: Making . an active character on input line 585.
Package babel Info: Making < an active character on input line 630.
Package babel Info: Making > an active character on input line 630.
))
("C:\Program Files (x86)\MiKTeX 2.9\tex\latex\base\inputenc.sty"
Package: inputenc 2008/03/30 v1.1d Input encoding file
\inpenc@prehook=\toks15
\inpenc@posthook=\toks16

("C:\Program Files (x86)\MiKTeX 2.9\tex\latex\ucs\utf8x.def"
File: utf8x.def 2004/10/17 UCS: Input encoding UTF-8
))
("C:\Program Files (x86)\MiKTeX 2.9\tex\latex\ucs\ucs.sty"
Package: ucs 2013/05/11 v2.2 UCS: Unicode input support

("C:\Program Files (x86)\MiKTeX 2.9\tex\latex\ucs\uni-global.def"
File: uni-global.def 2013/05/13 UCS: Unicode global data
)
\uc@secondtry=\count91
\uc@combtoks=\toks17
\uc@combtoksb=\toks18
\uc@temptokena=\toks19
)
("C:\Program Files (x86)\MiKTeX 2.9\tex\latex\hyperref\hyperref.sty"
Package: hyperref 2012/11/06 v6.83m Hypertext links for LaTeX

("C:\Program Files (x86)\MiKTeX 2.9\tex\generic\oberdiek\hobsub-hyperref.sty"
Package: hobsub-hyperref 2012/04/25 v1.12 Bundle oberdiek, subset hyperref (HO)


("C:\Program Files (x86)\MiKTeX 2.9\tex\generic\oberdiek\hobsub-generic.sty"
Package: hobsub-generic 2012/04/25 v1.12 Bundle oberdiek, subset generic (HO)
Package: hobsub 2012/04/25 v1.12 Construct package bundles (HO)
Package: infwarerr 2010/04/08 v1.3 Providing info/warning/error messages (HO)
Package: ltxcmds 2011/11/09 v1.22 LaTeX kernel commands for general use (HO)
Package: ifluatex 2010/03/01 v1.3 Provides the ifluatex switch (HO)
Package ifluatex Info: LuaTeX not detected.
Package: ifvtex 2010/03/01 v1.5 Detect VTeX and its facilities (HO)
Package ifvtex Info: VTeX not detected.
Package: intcalc 2007/09/27 v1.1 Expandable calculations with integers (HO)
Package: ifpdf 2011/01/30 v2.3 Provides the ifpdf switch (HO)
Package ifpdf Info: pdfTeX in PDF mode is detected.
Package: etexcmds 2011/02/16 v1.5 Avoid name clashes with e-TeX commands (HO)
Package etexcmds Info: Could not find \expanded.
(etexcmds)             That can mean that you are not using pdfTeX 1.50 or
(etexcmds)             that some package has redefined \expanded.
(etexcmds)             In the latter case, load this package earlier.
Package: kvsetkeys 2012/04/25 v1.16 Key value parser (HO)
Package: kvdefinekeys 2011/04/07 v1.3 Define keys (HO)
Package: pdftexcmds 2011/11/29 v0.20 Utility functions of pdfTeX for LuaTeX (HO
)
Package pdftexcmds Info: LuaTeX not detected.
Package pdftexcmds Info: \pdf@primitive is available.
Package pdftexcmds Info: \pdf@ifprimitive is available.
Package pdftexcmds Info: \pdfdraftmode found.
Package: pdfescape 2011/11/25 v1.13 Implements pdfTeX's escape features (HO)
Package: bigintcalc 2012/04/08 v1.3 Expandable calculations on big integers (HO
)
Package: bitset 2011/01/30 v1.1 Handle bit-vector datatype (HO)
Package: uniquecounter 2011/01/30 v1.2 Provide unlimited unique counter (HO)
)
Package hobsub Info: Skipping package `hobsub' (already loaded).
Package: letltxmacro 2010/09/02 v1.4 Let assignment for LaTeX macros (HO)
Package: hopatch 2011/06/24 v1.1 Wrapper for package hooks (HO)
Package: xcolor-patch 2011/01/30 xcolor patch
Package: atveryend 2011/06/30 v1.8 Hooks at the very end of document (HO)
Package atveryend Info: \enddocument detected (standard20110627).
Package: atbegshi 2011/10/05 v1.16 At begin shipout hook (HO)
Package: refcount 2011/10/16 v3.4 Data extraction from label references (HO)
Package: hycolor 2011/01/30 v1.7 Color options for hyperref/bookmark (HO)
)
("C:\Program Files (x86)\MiKTeX 2.9\tex\latex\graphics\keyval.sty"
Package: keyval 1999/03/16 v1.13 key=value parser (DPC)
\KV@toks@=\toks20
)
("C:\Program Files (x86)\MiKTeX 2.9\tex\generic\ifxetex\ifxetex.sty"
Package: ifxetex 2010/09/12 v0.6 Provides ifxetex conditional
)
("C:\Program Files (x86)\MiKTeX 2.9\tex\latex\oberdiek\auxhook.sty"
Package: auxhook 2011/03/04 v1.3 Hooks for auxiliary files (HO)
)
("C:\Program Files (x86)\MiKTeX 2.9\tex\latex\oberdiek\kvoptions.sty"
Package: kvoptions 2011/06/30 v3.11 Key value format for package options (HO)
)
\@linkdim=\dimen104
\Hy@linkcounter=\count92
\Hy@pagecounter=\count93

("C:\Program Files (x86)\MiKTeX 2.9\tex\latex\hyperref\pd1enc.def"
File: pd1enc.def 2012/11/06 v6.83m Hyperref: PDFDocEncoding definition (HO)
)
\Hy@SavedSpaceFactor=\count94

("C:\Program Files (x86)\MiKTeX 2.9\tex\latex\00miktex\hyperref.cfg"
File: hyperref.cfg 2002/06/06 v1.2 hyperref configuration of TeXLive
)
Package hyperref Info: Hyper figures OFF on input line 4443.
Package hyperref Info: Link nesting OFF on input line 4448.
Package hyperref Info: Hyper index ON on input line 4451.
Package hyperref Info: Plain pages OFF on input line 4458.
Package hyperref Info: Backreferencing OFF on input line 4463.
Package hyperref Info: Implicit mode ON; LaTeX internals redefined.
Package hyperref Info: Bookmarks ON on input line 4688.
\c@Hy@tempcnt=\count95

("C:\Program Files (x86)\MiKTeX 2.9\tex\latex\ltxmisc\url.sty"
\Urlmuskip=\muskip10
Package: url 2006/04/12  ver 3.3  Verb mode for urls, etc.
)
LaTeX Info: Redefining \url on input line 5041.
\XeTeXLinkMargin=\dimen105
\Fld@menulength=\count96
\Field@Width=\dimen106
\Fld@charsize=\dimen107
Package hyperref Info: Hyper figures OFF on input line 6295.
Package hyperref Info: Link nesting OFF on input line 6300.
Package hyperref Info: Hyper index ON on input line 6303.
Package hyperref Info: backreferencing OFF on input line 6310.
Package hyperref Info: Link coloring OFF on input line 6315.
Package hyperref Info: Link coloring with OCG OFF on input line 6320.
Package hyperref Info: PDF/A mode OFF on input line 6325.
LaTeX Info: Redefining \ref on input line 6365.
LaTeX Info: Redefining \pageref on input line 6369.
\Hy@abspage=\count97
\c@Item=\count98
\c@Hfootnote=\count99
)

Package hyperref Message: Driver (autodetected): hpdftex.

("C:\Program Files (x86)\MiKTeX 2.9\tex\latex\hyperref\hpdftex.def"
File: hpdftex.def 2012/11/06 v6.83m Hyperref driver for pdfTeX
\Fld@listcount=\count100
\c@bookmark@seq@number=\count101

("C:\Program Files (x86)\MiKTeX 2.9\tex\latex\oberdiek\rerunfilecheck.sty"
Package: rerunfilecheck 2011/04/15 v1.7 Rerun checks for auxiliary files (HO)
Package uniquecounter Info: New unique counter `rerunfilecheck' on input line 2
82.
)
\Hy@SectionHShift=\skip43
)
("C:\Program Files (x86)\MiKTeX 2.9\tex\latex\listings\listings.sty"
\lst@mode=\count102
\lst@gtempboxa=\box26
\lst@token=\toks21
\lst@length=\count103
\lst@currlwidth=\dimen108
\lst@column=\count104
\lst@pos=\count105
\lst@lostspace=\dimen109
\lst@width=\dimen110
\lst@newlines=\count106
\lst@lineno=\count107
\lst@maxwidth=\dimen111

("C:\Program Files (x86)\MiKTeX 2.9\tex\latex\listings\lstmisc.sty"
File: lstmisc.sty 2013/08/26 1.5b (Carsten Heinz)
\c@lstnumber=\count108
\lst@skipnumbers=\count109
\lst@framebox=\box27
)
("C:\Program Files (x86)\MiKTeX 2.9\tex\latex\listings\listings.cfg"
File: listings.cfg 2013/08/26 1.5b listings configuration
))
Package: listings 2013/08/26 1.5b (Carsten Heinz)

("C:\Program Files (x86)\MiKTeX 2.9\tex\latex\pdfpages\pdfpages.sty"
Package: pdfpages 2013/08/25 v0.4v Insert pages of external PDF documents (AM)

("C:\Program Files (x86)\MiKTeX 2.9\tex\latex\base\ifthen.sty"
Package: ifthen 2001/05/26 v1.1c Standard LaTeX ifthen package (DPC)
)
("C:\Program Files (x86)\MiKTeX 2.9\tex\latex\tools\calc.sty"
Package: calc 2007/08/22 v4.3 Infix arithmetic (KKT,FJ)
\calc@Acount=\count110
\calc@Bcount=\count111
\calc@Adimen=\dimen112
\calc@Bdimen=\dimen113
\calc@Askip=\skip44
\calc@Bskip=\skip45
LaTeX Info: Redefining \setlength on input line 76.
LaTeX Info: Redefining \addtolength on input line 77.
\calc@Ccount=\count112
\calc@Cskip=\skip46
)
("C:\Program Files (x86)\MiKTeX 2.9\tex\latex\eso-pic\eso-pic.sty"
Package: eso-pic 2013/10/06 v2.0d eso-pic (RN)

("C:\Program Files (x86)\MiKTeX 2.9\tex\latex\xcolor\xcolor.sty"
Package: xcolor 2007/01/21 v2.11 LaTeX color extensions (UK)

("C:\Program Files (x86)\MiKTeX 2.9\tex\latex\00miktex\color.cfg"
File: color.cfg 2007/01/18 v1.5 color configuration of teTeX/TeXLive
)
Package xcolor Info: Driver file: pdftex.def on input line 225.

("C:\Program Files (x86)\MiKTeX 2.9\tex\latex\pdftex-def\pdftex.def"
File: pdftex.def 2011/05/27 v0.06d Graphics/color for pdfTeX
\Gread@gobject=\count113
)
Package xcolor Info: Model `cmy' substituted by `cmy0' on input line 1337.
Package xcolor Info: Model `hsb' substituted by `rgb' on input line 1341.
Package xcolor Info: Model `RGB' extended on input line 1353.
Package xcolor Info: Model `HTML' substituted by `rgb' on input line 1355.
Package xcolor Info: Model `Hsb' substituted by `hsb' on input line 1356.
Package xcolor Info: Model `tHsb' substituted by `hsb' on input line 1357.
Package xcolor Info: Model `HSB' substituted by `hsb' on input line 1358.
Package xcolor Info: Model `Gray' substituted by `gray' on input line 1359.
Package xcolor Info: Model `wave' substituted by `hsb' on input line 1360.
))
("C:\Program Files (x86)\MiKTeX 2.9\tex\latex\graphics\graphicx.sty"
Package: graphicx 1999/02/16 v1.0f Enhanced LaTeX Graphics (DPC,SPQR)

("C:\Program Files (x86)\MiKTeX 2.9\tex\latex\graphics\graphics.sty"
Package: graphics 2009/02/05 v1.0o Standard LaTeX Graphics (DPC,SPQR)

("C:\Program Files (x86)\MiKTeX 2.9\tex\latex\graphics\trig.sty"
Package: trig 1999/03/16 v1.09 sin cos tan (DPC)
)
("C:\Program Files (x86)\MiKTeX 2.9\tex\latex\00miktex\graphics.cfg"
File: graphics.cfg 2007/01/18 v1.5 graphics configuration of teTeX/TeXLive
)
Package graphics Info: Driver file: pdftex.def on input line 91.
)
\Gin@req@height=\dimen114
\Gin@req@width=\dimen115
)
("C:\Program Files (x86)\MiKTeX 2.9\tex\latex\pdfpages\pppdftex.def"
File: pppdftex.def 2013/08/25 v0.4v Pdfpages driver for pdfTeX (AM)
)
\AM@pagebox=\box28
\AM@toc@title=\toks22
\c@AM@survey=\count114
\AM@templatesizebox=\box29
)
("C:\Program Files (x86)\MiKTeX 2.9\tex\latex\listings\lstlang1.sty"
File: lstlang1.sty 2013/08/26 1.5b listings language file
)
("C:\Program Files (x86)\MiKTeX 2.9\tex\latex\listings\lstlang1.sty"
File: lstlang1.sty 2013/08/26 1.5b listings language file
)
("C:\Program Files (x86)\MiKTeX 2.9\tex\latex\listings\lstmisc.sty"
File: lstmisc.sty 2013/08/26 1.5b (Carsten Heinz)
)
("C:\Program Files (x86)\MiKTeX 2.9\tex\latex\fancyhdr\fancyhdr.sty"
\fancy@headwidth=\skip47
\f@ncyO@elh=\skip48
\f@ncyO@erh=\skip49
\f@ncyO@olh=\skip50
\f@ncyO@orh=\skip51
\f@ncyO@elf=\skip52
\f@ncyO@erf=\skip53
\f@ncyO@olf=\skip54
\f@ncyO@orf=\skip55
)
("C:\Program Files (x86)\MiKTeX 2.9\tex\latex\geometry\geometry.sty"
Package: geometry 2010/09/12 v5.6 Page Geometry
\Gm@cnth=\count115
\Gm@cntv=\count116
\c@Gm@tempcnt=\count117
\Gm@bindingoffset=\dimen116
\Gm@wd@mp=\dimen117
\Gm@odd@mp=\dimen118
\Gm@even@mp=\dimen119
\Gm@layoutwidth=\dimen120
\Gm@layoutheight=\dimen121
\Gm@layouthoffset=\dimen122
\Gm@layoutvoffset=\dimen123
\Gm@dimlist=\toks23

("C:\Program Files (x86)\MiKTeX 2.9\tex\latex\geometry\geometry.cfg"))
("C:\Program Files (x86)\MiKTeX 2.9\tex\latex\caption\caption.sty"
Package: caption 2013/05/02 v3.3-89 Customizing captions (AR)

("C:\Program Files (x86)\MiKTeX 2.9\tex\latex\caption\caption3.sty"
Package: caption3 2013/05/02 v1.6-88 caption3 kernel (AR)
Package caption3 Info: TeX engine: e-TeX on input line 57.
\captionmargin=\dimen124
\captionmargin@=\dimen125
\captionwidth=\dimen126
\caption@tempdima=\dimen127
\caption@indent=\dimen128
\caption@parindent=\dimen129
\caption@hangindent=\dimen130
)
\c@ContinuedFloat=\count118
Package caption Info: hyperref package is loaded.
Package caption Info: listings package is loaded.
)
("C:\Users\omar\Documents\Nueva carpeta\Tesis\Tesis.aux")
LaTeX Font Info:    Checking defaults for OML/cmm/m/it on input line 43.
LaTeX Font Info:    ... okay on input line 43.
LaTeX Font Info:    Checking defaults for T1/cmr/m/n on input line 43.
LaTeX Font Info:    ... okay on input line 43.
LaTeX Font Info:    Checking defaults for OT1/cmr/m/n on input line 43.
LaTeX Font Info:    ... okay on input line 43.
LaTeX Font Info:    Checking defaults for OMS/cmsy/m/n on input line 43.
LaTeX Font Info:    ... okay on input line 43.
LaTeX Font Info:    Checking defaults for OMX/cmex/m/n on input line 43.
LaTeX Font Info:    ... okay on input line 43.
LaTeX Font Info:    Checking defaults for U/cmr/m/n on input line 43.
LaTeX Font Info:    ... okay on input line 43.
LaTeX Font Info:    Checking defaults for PD1/pdf/m/n on input line 43.
LaTeX Font Info:    ... okay on input line 43.

("C:\Program Files (x86)\MiKTeX 2.9\tex\latex\ucs\ucsencs.def"
File: ucsencs.def 2011/01/21 Fixes to fontencodings LGR, T3
)
\AtBeginShipoutBox=\box30
Package hyperref Info: Link coloring OFF on input line 43.

("C:\Program Files (x86)\MiKTeX 2.9\tex\latex\hyperref\nameref.sty"
Package: nameref 2012/10/27 v2.43 Cross-referencing by name of section

("C:\Program Files (x86)\MiKTeX 2.9\tex\generic\oberdiek\gettitlestring.sty"
Package: gettitlestring 2010/12/03 v1.4 Cleanup title references (HO)
)
\c@section@level=\count119
)
LaTeX Info: Redefining \ref on input line 43.
LaTeX Info: Redefining \pageref on input line 43.
LaTeX Info: Redefining \nameref on input line 43.

("C:\Users\omar\Documents\Nueva carpeta\Tesis\Tesis.out")
("C:\Users\omar\Documents\Nueva carpeta\Tesis\Tesis.out")
\@outlinefile=\write3
\c@lstlisting=\count120

("C:\Program Files (x86)\MiKTeX 2.9\tex\context\base\supp-pdf.mkii"
[Loading MPS to PDF converter (version 2006.09.02).]
\scratchcounter=\count121
\scratchdimen=\dimen131
\scratchbox=\box31
\nofMPsegments=\count122
\nofMParguments=\count123
\everyMPshowfont=\toks24
\MPscratchCnt=\count124
\MPscratchDim=\dimen132
\MPnumerator=\count125
\makeMPintoPDFobject=\count126
\everyMPtoPDFconversion=\toks25
)
*geometry* driver: auto-detecting
*geometry* detected driver: pdftex
*geometry* verbose mode - [ preamble ] result:
* driver: pdftex
* paper: letterpaper
* layout: <same size as paper>
* layoutoffset:(h,v)=(0.0pt,0.0pt)
* modes: twoside 
* h-part:(L,W,R)=(73.71613pt, 430.00462pt, 110.57425pt)
* v-part:(T,H,B)=(95.39737pt, 556.47656pt, 143.09605pt)
* \paperwidth=614.295pt
* \paperheight=794.96999pt
* \textwidth=430.00462pt
* \textheight=556.47656pt
* \oddsidemargin=1.44614pt
* \evensidemargin=38.30426pt
* \topmargin=-8.74641pt
* \headheight=20.0pt
* \headsep=19.8738pt
* \topskip=12.0pt
* \footskip=30.0pt
* \marginparwidth=98.0pt
* \marginparsep=7.0pt
* \columnsep=10.0pt
* \skip\footins=10.8pt plus 4.0pt minus 2.0pt
* \hoffset=0.0pt
* \voffset=0.0pt
* \mag=1000
* \@twocolumnfalse
* \@twosidetrue
* \@mparswitchtrue
* \@reversemarginfalse
* (1in=72.27pt=25.4mm, 1cm=28.453pt)

Package caption Info: Begin \AtBeginDocument code.
Package caption Info: End \AtBeginDocument code.
("C:\Program Files (x86)\MiKTeX 2.9\tex\latex\ucs\uni-0.def"
File: uni-0.def 2013/05/13 UCS: Unicode data U+0000..U+00FF
)
<figures/escudo.png, id=1030, 501.875pt x 681.54625pt>
File: figures/escudo.png Graphic file (type png)

<use figures/escudo.png>
Package pdftex.def Info: figures/escudo.png used on input line 65.
(pdftex.def)             Requested size: 142.26378pt x 193.19234pt.
LaTeX Font Info:    External font `cmex10' loaded for size
(Font)              <12> on input line 87.
LaTeX Font Info:    External font `cmex10' loaded for size
(Font)              <8> on input line 87.
LaTeX Font Info:    External font `cmex10' loaded for size
(Font)              <6> on input line 87.

Overfull \hbox (20.23589pt too wide) in paragraph at lines 82--97
[]$[]$ $[]$ 
 []


Underfull \hbox (badness 10000) in paragraph at lines 82--97

 []

[1


{C:/ProgramData/MiKTeX/2.9/pdftex/config/pdftex.map} <C:/Users/omar/Documents/N
ueva carpeta/Tesis/figures/escudo.png>]
<prorroga.pdf, id=1042, 597.23125pt x 844.15375pt>
File: prorroga.pdf Graphic file (type pdf)
 <use prorroga.pdf>
Package pdftex.def Info: prorroga.pdf used on input line 109.
(pdftex.def)             Requested size: 597.22978pt x 844.15169pt.
File: prorroga.pdf Graphic file (type pdf)

<use prorroga.pdf>
Package pdftex.def Info: prorroga.pdf used on input line 109.
(pdftex.def)             Requested size: 597.22978pt x 844.15169pt.
 [2]
<prorroga.pdf, id=1049, page=1, 597.23125pt x 844.15375pt>
File: prorroga.pdf Graphic file (type pdf)

<use prorroga.pdf, page 1>
Package pdftex.def Info: prorroga.pdf, page1 used on input line 109.
(pdftex.def)             Requested size: 597.22978pt x 844.15169pt.
File: prorroga.pdf Graphic file (type pdf)
 <use prorroga.pdf, page 1>
Package pdftex.def Info: prorroga.pdf, page1 used on input line 109.
(pdftex.def)             Requested size: 562.52745pt x 795.10185pt.
File: prorroga.pdf Graphic file (type pdf)

<use prorroga.pdf, page 1>
Package pdftex.def Info: prorroga.pdf, page1 used on input line 109.
(pdftex.def)             Requested size: 562.52745pt x 795.10185pt.
File: prorroga.pdf Graphic file (type pdf)
 <use prorroga.pdf, page 1>
Package pdftex.def Info: prorroga.pdf, page1 used on input line 109.
(pdftex.def)             Requested size: 562.52745pt x 795.10185pt.
File: prorroga.pdf Graphic file (type pdf)

<use prorroga.pdf, page 1>
Package pdftex.def Info: prorroga.pdf, page1 used on input line 109.
(pdftex.def)             Requested size: 562.52745pt x 795.10185pt.
 [3 <C:/Users/omar/Documents/Nueva carpeta/Tesis/prorroga.pdf>] <academico.pdf,
 id=1055, 597.23125pt x 844.15375pt>
File: academico.pdf Graphic file (type pdf)

<use academico.pdf>
Package pdftex.def Info: academico.pdf used on input line 115.
(pdftex.def)             Requested size: 597.22978pt x 844.15169pt.
File: academico.pdf Graphic file (type pdf)
 <use academico.pdf>
Package pdftex.def Info: academico.pdf used on input line 115.
(pdftex.def)             Requested size: 597.22978pt x 844.15169pt.
 [4]
<academico.pdf, id=1062, page=1, 597.23125pt x 844.15375pt>
File: academico.pdf Graphic file (type pdf)

<use academico.pdf, page 1>
Package pdftex.def Info: academico.pdf, page1 used on input line 115.
(pdftex.def)             Requested size: 597.22978pt x 844.15169pt.
File: academico.pdf Graphic file (type pdf)
 <use academico.pdf, page 1>
Package pdftex.def Info: academico.pdf, page1 used on input line 115.
(pdftex.def)             Requested size: 562.52745pt x 795.10185pt.
File: academico.pdf Graphic file (type pdf)

<use academico.pdf, page 1>
Package pdftex.def Info: academico.pdf, page1 used on input line 115.
(pdftex.def)             Requested size: 562.52745pt x 795.10185pt.
File: academico.pdf Graphic file (type pdf)
 <use academico.pdf, page 1>
Package pdftex.def Info: academico.pdf, page1 used on input line 115.
(pdftex.def)             Requested size: 562.52745pt x 795.10185pt.
File: academico.pdf Graphic file (type pdf)

<use academico.pdf, page 1>
Package pdftex.def Info: academico.pdf, page1 used on input line 115.
(pdftex.def)             Requested size: 562.52745pt x 795.10185pt.
 [5 <C:/Users/omar/Documents/Nueva carpeta/Tesis/academico.pdf>] <declaratoria.
pdf, id=1068, 597.23125pt x 844.15375pt>
File: declaratoria.pdf Graphic file (type pdf)

<use declaratoria.pdf>
Package pdftex.def Info: declaratoria.pdf used on input line 120.
(pdftex.def)             Requested size: 597.22978pt x 844.15169pt.
File: declaratoria.pdf Graphic file (type pdf)
 <use declaratoria.pdf>
Package pdftex.def Info: declaratoria.pdf used on input line 120.
(pdftex.def)             Requested size: 597.22978pt x 844.15169pt.
 [6]
<declaratoria.pdf, id=1075, page=1, 597.23125pt x 844.15375pt>
File: declaratoria.pdf Graphic file (type pdf)

<use declaratoria.pdf, page 1>
Package pdftex.def Info: declaratoria.pdf, page1 used on input line 120.
(pdftex.def)             Requested size: 597.22978pt x 844.15169pt.
File: declaratoria.pdf Graphic file (type pdf)
 <use declaratoria.pdf, page 1>
Package pdftex.def Info: declaratoria.pdf, page1 used on input line 120.
(pdftex.def)             Requested size: 562.52745pt x 795.10185pt.
File: declaratoria.pdf Graphic file (type pdf)

<use declaratoria.pdf, page 1>
Package pdftex.def Info: declaratoria.pdf, page1 used on input line 120.
(pdftex.def)             Requested size: 562.52745pt x 795.10185pt.
File: declaratoria.pdf Graphic file (type pdf)
 <use declaratoria.pdf, page 1>
Package pdftex.def Info: declaratoria.pdf, page1 used on input line 120.
(pdftex.def)             Requested size: 562.52745pt x 795.10185pt.
File: declaratoria.pdf Graphic file (type pdf)

<use declaratoria.pdf, page 1>
Package pdftex.def Info: declaratoria.pdf, page1 used on input line 120.
(pdftex.def)             Requested size: 562.52745pt x 795.10185pt.
 [7 <C:/Users/omar/Documents/Nueva carpeta/Tesis/declaratoria.pdf>] <dictamen.p
df, id=1082, 597.23125pt x 844.15375pt>
File: dictamen.pdf Graphic file (type pdf)

<use dictamen.pdf>
Package pdftex.def Info: dictamen.pdf used on input line 125.
(pdftex.def)             Requested size: 597.22978pt x 844.15169pt.
File: dictamen.pdf Graphic file (type pdf)
 <use dictamen.pdf>
Package pdftex.def Info: dictamen.pdf used on input line 125.
(pdftex.def)             Requested size: 597.22978pt x 844.15169pt.
 [8]
<dictamen.pdf, id=1089, page=1, 597.23125pt x 844.15375pt>
File: dictamen.pdf Graphic file (type pdf)

<use dictamen.pdf, page 1>
Package pdftex.def Info: dictamen.pdf, page1 used on input line 125.
(pdftex.def)             Requested size: 597.22978pt x 844.15169pt.
File: dictamen.pdf Graphic file (type pdf)
 <use dictamen.pdf, page 1>
Package pdftex.def Info: dictamen.pdf, page1 used on input line 125.
(pdftex.def)             Requested size: 562.52745pt x 795.10185pt.
File: dictamen.pdf Graphic file (type pdf)

<use dictamen.pdf, page 1>
Package pdftex.def Info: dictamen.pdf, page1 used on input line 125.
(pdftex.def)             Requested size: 562.52745pt x 795.10185pt.
File: dictamen.pdf Graphic file (type pdf)
 <use dictamen.pdf, page 1>
Package pdftex.def Info: dictamen.pdf, page1 used on input line 125.
(pdftex.def)             Requested size: 562.52745pt x 795.10185pt.
File: dictamen.pdf Graphic file (type pdf)

<use dictamen.pdf, page 1>
Package pdftex.def Info: dictamen.pdf, page1 used on input line 125.
(pdftex.def)             Requested size: 562.52745pt x 795.10185pt.
 [9 <C:/Users/omar/Documents/Nueva carpeta/Tesis/dictamen.pdf>] [10] [11

] [12

]
("C:\Users\omar\Documents\Nueva carpeta\Tesis\Tesis.toc"
LaTeX Font Info:    Try loading font information for OMS+cmr on input line 5.

("C:\Program Files (x86)\MiKTeX 2.9\tex\latex\base\omscmr.fd"
File: omscmr.fd 1999/05/25 v2.5h Standard LaTeX font definitions
)
LaTeX Font Info:    Font shape `OMS/cmr/m/n' in size <8> not available
(Font)              Font shape `OMS/cmsy/m/n' tried instead on input line 5.
LaTeX Font Info:    External font `cmex10' loaded for size
(Font)              <5> on input line 5.
 [13] [14]
[15] [16]
Overfull \hbox (5.1284pt too wide) in paragraph at lines 135--135
 [][] [][] \OT1/cmr/m/n/12 void pwm-Low-Si-de-Dri-vers( un-sig-ned char dir- 
 []

[17]
Overfull \hbox (56.15457pt too wide) in paragraph at lines 202--202
 [][] [][]\OT1/cmr/m/n/12 void ge-tEx-ter-nal-Sen-sors(int[NUMBER[]OF[]SENSORS]
 
 []

[18]
Overfull \hbox (0.23262pt too wide) in paragraph at lines 206--206
 [][] [][]\OT1/cmr/m/n/12 int to-LittleEn-dian(unsigned char* sour-ce,int 
 []


Overfull \hbox (9.75475pt too wide) in paragraph at lines 210--210
 [][] [][]\OT1/cmr/m/n/12 int read-Bum-psAndW-heel-Drops(unsigned char 
 []


Overfull \hbox (12.24359pt too wide) in paragraph at lines 233--233
 [][] [][]\OT1/cmr/m/n/12 int read-Car-goA-na-log-Sig-nal(unsigned char *da- 
 []

[19]
Overfull \hbox (4.63673pt too wide) in paragraph at lines 243--243
 [][] [][]\OT1/cmr/m/n/12 int up-da-te-Sen-sor(unsigned char pac-ke-tID, int 
 []

)
\tf@toc=\write4
 [20] ("C:\Users\omar\Documents\Nueva carpeta\Tesis\Tesis.lof"
LaTeX Font Info:    Font shape `OMS/cmr/m/n' in size <6> not available
(Font)              Font shape `OMS/cmsy/m/n' tried instead on input line 13.

Overfull \hbox (11.68274pt too wide) in paragraph at lines 20--20
 [][] [][]\OT1/cmr/m/n/12 Comparacion en-tre dis-tin-tos mo-de-los de progrma-
cion. a) iRo-bot Create$[]$ 
 []

[21

])
\tf@lof=\write5
 [22]
Cap\'{\i }tulo 1.

Underfull \hbox (badness 10000) in paragraph at lines 162--169

 []


Underfull \vbox (badness 6348) has occurred while \output is active []

 [1

]
<figures/qbot.jpg, id=1511, 3348.51pt x 2312.64pt>
File: figures/qbot.jpg Graphic file (type jpg)
 <use figures/qbot.jpg>
Package pdftex.def Info: figures/qbot.jpg used on input line 172.
(pdftex.def)             Requested size: 344.005pt x 237.5588pt.

Underfull \hbox (badness 10000) in paragraph at lines 179--184

 []


Underfull \vbox (badness 10000) has occurred while \output is active []

 [2]
[3 <C:/Users/omar/Documents/Nueva carpeta/Tesis/figures/qbot.jpg>] [4]
Cap\'{\i }tulo 2.
LaTeX Font Info:    External font `cmex10' loaded for size
(Font)              <17.28> on input line 193.
LaTeX Font Info:    Font shape `OMS/cmr/bx/n' in size <12> not available
(Font)              Font shape `OMS/cmsy/b/n' tried instead on input line 193.

Package hyperref Warning: Token not allowed in a PDF string (PDFDocEncoding):
(hyperref)                removing `\mathsurround' on input line 193.


Package hyperref Warning: Token not allowed in a PDF string (PDFDocEncoding):
(hyperref)                removing `\z@' on input line 193.


Package hyperref Warning: Token not allowed in a PDF string (PDFDocEncoding):
(hyperref)                removing `superscript' on input line 193.

<figures/create.jpg, id=1539, 3468.96pt x 2312.64pt>
File: figures/create.jpg Graphic file (type jpg)
 <use figures/create.jpg>
Package pdftex.def Info: figures/create.jpg used on input line 199.
(pdftex.def)             Requested size: 344.005pt x 229.3367pt.
LaTeX Font Info:    External font `cmex10' loaded for size
(Font)              <10.95> on input line 200.

Underfull \hbox (badness 10000) in paragraph at lines 195--207

 []

<figures/terminalesrs232.png, id=1553, 338.9463pt x 304.4976pt>
File: figures/terminalesrs232.png Graphic file (type png)

<use figures/terminalesrs232.png>
Package pdftex.def Info: figures/terminalesrs232.png used on input line 220.
(pdftex.def)             Requested size: 344.005pt x 309.04553pt.

Underfull \vbox (badness 7888) has occurred while \output is active []

 [5

]
[6 <C:/Users/omar/Documents/Nueva carpeta/Tesis/figures/create.jpg>]
<figures/comunicacionrs232.png, id=1576, 455.301pt x 199.10385pt>
File: figures/comunicacionrs232.png Graphic file (type png)

<use figures/comunicacionrs232.png>
Package pdftex.def Info: figures/comunicacionrs232.png used on input line 229.
(pdftex.def)             Requested size: 344.005pt x 150.43944pt.

Underfull \hbox (badness 10000) in paragraph at lines 236--239

 []


Underfull \hbox (badness 10000) in paragraph at lines 242--249

 []


Underfull \vbox (badness 10000) has occurred while \output is active []

 [7]
[8 <C:/Users/omar/Documents/Nueva carpeta/Tesis/figures/terminalesrs232.png>]
<figures/topologiaUSB.png, id=1588, 487.30629pt x 433.96414pt>
File: figures/topologiaUSB.png Graphic file (type png)

<use figures/topologiaUSB.png>
Package pdftex.def Info: figures/topologiaUSB.png used on input line 252.
(pdftex.def)             Requested size: 344.005pt x 306.36192pt.

Underfull \hbox (badness 10000) in paragraph at lines 260--262

 []


Underfull \vbox (badness 2368) has occurred while \output is active []

 [9 <C:/Users/omar/Documents/Nueva carpeta/Tesis/figures/comunicacionrs232.png>
] [10 <C:/Users/omar/Documents/Nueva carpeta/Tesis/figures/topologiaUSB.png>]
Underfull \hbox (badness 10000) in paragraph at lines 265--268

 []

[11] [12

]
Cap\'{\i }tulo 3.
<figures/bloquesHardware.png, id=1609, 554.82281pt x 324.46219pt>
File: figures/bloquesHardware.png Graphic file (type png)

<use figures/bloquesHardware.png>
Package pdftex.def Info: figures/bloquesHardware.png used on input line 276.
(pdftex.def)             Requested size: 344.005pt x 201.17436pt.

Underfull \hbox (badness 10000) in paragraph at lines 273--287

 []

[13] <figures/capas.png, id=1615, 144.54pt x 144.54pt>
File: figures/capas.png Graphic file (type png)
 <use figures/capas.png>
Package pdftex.def Info: figures/capas.png used on input line 294.
(pdftex.def)             Requested size: 344.005pt x 344.02486pt.

[14 <C:/Users/omar/Documents/Nueva carpeta/Tesis/figures/bloquesHardware.png>]
[15 <C:/Users/omar/Documents/Nueva carpeta/Tesis/figures/capas.png>]
LaTeX Font Info:    Font shape `OMS/cmr/m/n' in size <12> not available
(Font)              Font shape `OMS/cmsy/m/n' tried instead on input line 305.
LaTeX Font Info:    Try loading font information for OML+cmr on input line 306.


("C:\Program Files (x86)\MiKTeX 2.9\tex\latex\base\omlcmr.fd"
File: omlcmr.fd 1999/05/25 v2.5h Standard LaTeX font definitions
)
LaTeX Font Info:    Font shape `OML/cmr/m/n' in size <12> not available
(Font)              Font shape `OML/cmm/m/it' tried instead on input line 306.

Underfull \hbox (badness 10000) in paragraph at lines 335--336

 []


Underfull \vbox (badness 7186) has occurred while \output is active []

 [16]
[17] [18]
Cap\'{\i }tulo 4.
<figures/createPinout.png, id=1677, 144.54pt x 106.4778pt>
File: figures/createPinout.png Graphic file (type png)

<use figures/createPinout.png>
Package pdftex.def Info: figures/createPinout.png used on input line 365.
(pdftex.def)             Requested size: 344.005pt x 253.43164pt.

<figures/lm7805.png, id=1678, 27.9444pt x 33.60555pt>
File: figures/lm7805.png Graphic file (type png)
 <use figures/lm7805.png>
Package pdftex.def Info: figures/lm7805.png used on input line 374.
(pdftex.def)             Requested size: 344.005pt x 413.79637pt.

<figures/max232.png, id=1680, 178.62735pt x 200.30835pt>
File: figures/max232.png Graphic file (type png)

<use figures/max232.png>
Package pdftex.def Info: figures/max232.png used on input line 386.
(pdftex.def)             Requested size: 344.005pt x 385.7613pt.
 [19

] [20 <C:/Users/omar/Documents/Nueva carpeta/Tesis/figures/createPinout.png>] [
21 <C:/Users/omar/Documents/Nueva carpeta/Tesis/figures/lm7805.png>] <figures/d
iagramaUSB.png, id=1696, 202.47646pt x 231.9867pt>
File: figures/diagramaUSB.png Graphic file (type png)

<use figures/diagramaUSB.png>
Package pdftex.def Info: figures/diagramaUSB.png used on input line 396.
(pdftex.def)             Requested size: 344.005pt x 394.1562pt.
 [22] [23 <C:/Users/omar/Documents/Nueva carpeta/Tesis/figures/max232.png>] [24
 <C:/Users/omar/Documents/Nueva carpeta/Tesis/figures/diagramaUSB.png>]
Cap\'{\i }tulo 5.

Underfull \hbox (badness 10000) in paragraph at lines 403--404

 []


Underfull \hbox (badness 10000) in paragraph at lines 405--406

 []

[25

]
Underfull \hbox (badness 10000) in paragraph at lines 421--422

 []

[26]
Overfull \hbox (8.0964pt too wide) in paragraph at lines 477--479
\OT1/cmr/m/n/12 Los cam-pos iden-ti-fi-ca-dor de fa-bri-can-te (0x04D8) e iden-
ti-fi-ca-dor de dis-po-si-ti-vo (0x003F)
 []

[27] [28]
LaTeX Font Info:    Font shape `OMS/cmr/m/it' in size <12> not available
(Font)              Font shape `OMS/cmsy/m/n' tried instead on input line 513.

Underfull \vbox (badness 10000) has occurred while \output is active []

 [29]
[30] [31]
Underfull \hbox (badness 10000) in paragraph at lines 609--610

 []

[32] [33]
Underfull \hbox (badness 10000) in paragraph at lines 666--667

 []

[34] [35]
Underfull \hbox (badness 10000) in paragraph at lines 723--725

 []

[36]
Underfull \hbox (badness 10000) in paragraph at lines 739--740

 []


Underfull \hbox (badness 10000) in paragraph at lines 741--742

 []


Underfull \hbox (badness 10000) in paragraph at lines 753--755

 []

[37] [38]
Underfull \hbox (badness 10000) in paragraph at lines 800--801

 []


Underfull \hbox (badness 10000) in paragraph at lines 803--804

 []

[39]
Underfull \vbox (badness 10000) has occurred while \output is active []

 [40]
<figures/endianess.png, id=2112, 357.7365pt x 213.4374pt>
File: figures/endianess.png Graphic file (type png)

<use figures/endianess.png>
Package pdftex.def Info: figures/endianess.png used on input line 880.
(pdftex.def)             Requested size: 344.005pt x 205.25255pt.
 [41] [42 <C:/Users/omar/Documents/Nueva carpeta/Tesis/figures/endianess.png>] 
[43]
Underfull \hbox (badness 10000) in paragraph at lines 923--927

 []

[44]
Cap\'{\i }tulo 6.
<figures/benchmark.png, id=2183, 953.5625pt x 329.23pt>
File: figures/benchmark.png Graphic file (type png)

<use figures/benchmark.png>
Package pdftex.def Info: figures/benchmark.png used on input line 932.
(pdftex.def)             Requested size: 344.005pt x 118.77388pt.

Underfull \hbox (badness 10000) in paragraph at lines 939--940

 []

<figures/qbotworkspace.png, id=2186, 1023.825pt x 548.0475pt>
File: figures/qbotworkspace.png Graphic file (type png)

<use figures/qbotworkspace.png>
Package pdftex.def Info: figures/qbotworkspace.png used on input line 943.
(pdftex.def)             Requested size: 344.005pt x 184.1427pt.

<figures/createWorkspace.png, id=2187, 1371.1225pt x 770.88pt>
File: figures/createWorkspace.png Graphic file (type png)

<use figures/createWorkspace.png>
Package pdftex.def Info: figures/createWorkspace.png used on input line 952.
(pdftex.def)             Requested size: 344.005pt x 193.40176pt.

Underfull \hbox (badness 10000) in paragraph at lines 959--961

 []


Underfull \vbox (badness 1371) has occurred while \output is active []

 [45

]
[46 <C:/Users/omar/Documents/Nueva carpeta/Tesis/figures/benchmark.png> <C:/Use
rs/omar/Documents/Nueva carpeta/Tesis/figures/qbotworkspace.png>]
<figures/tabla.png, id=2199, 47.9391pt x 72.87225pt>
File: figures/tabla.png Graphic file (type png)
 <use figures/tabla.png>
Package pdftex.def Info: figures/tabla.png used on input line 965.
(pdftex.def)             Requested size: 344.005pt x 522.93738pt.


LaTeX Warning: Float too large for page by 3.0608pt on input line 970.

[47 <C:/Users/omar/Documents/Nueva carpeta/Tesis/figures/createWorkspace.png>]
[48 <C:/Users/omar/Documents/Nueva carpeta/Tesis/figures/tabla.png>]
Cap\'{\i }tulo 7.
<figures/esquemaPlaca.png, id=2211, 411.4572pt x 226.9278pt>
File: figures/esquemaPlaca.png Graphic file (type png)

<use figures/esquemaPlaca.png>
Package pdftex.def Info: figures/esquemaPlaca.png used on input line 981.
(pdftex.def)             Requested size: 344.005pt x 189.7316pt.


LaTeX Warning: `h' float specifier changed to `ht'.

<figures/pcb.jpg, id=2212, 3468.96pt x 2312.64pt>
File: figures/pcb.jpg Graphic file (type jpg)
 <use figures/pcb.jpg>
Package pdftex.def Info: figures/pcb.jpg used on input line 990.
(pdftex.def)             Requested size: 344.005pt x 229.3367pt.


LaTeX Warning: `h' float specifier changed to `ht'.

<figures/cargo.jpg, id=2214, 6937.92pt x 2312.64pt>
File: figures/cargo.jpg Graphic file (type jpg)
 <use figures/cargo.jpg>
Package pdftex.def Info: figures/cargo.jpg used on input line 1001.
(pdftex.def)             Requested size: 344.005pt x 114.65071pt.

<figures/usbcable.jpg, id=2216, 6937.92pt x 2312.64pt>
File: figures/usbcable.jpg Graphic file (type jpg)

<use figures/usbcable.jpg>
Package pdftex.def Info: figures/usbcable.jpg used on input line 1010.
(pdftex.def)             Requested size: 344.005pt x 114.65071pt.

<figures/serialcable.jpg, id=2218, 6937.92pt x 2312.64pt>
File: figures/serialcable.jpg Graphic file (type jpg)

<use figures/serialcable.jpg>
Package pdftex.def Info: figures/serialcable.jpg used on input line 1019.
(pdftex.def)             Requested size: 344.005pt x 114.65071pt.

<figures/cables.jpg, id=2221, 2400.97pt x 1879.02pt>
File: figures/cables.jpg Graphic file (type jpg)
 <use figures/cables.jpg>
Package pdftex.def Info: figures/cables.jpg used on input line 1028.
(pdftex.def)             Requested size: 344.005pt x 269.1967pt.

<figures/sensors.jpg, id=2222, 3468.96pt x 2312.64pt>
File: figures/sensors.jpg Graphic file (type jpg)

<use figures/sensors.jpg>
Package pdftex.def Info: figures/sensors.jpg used on input line 1036.
(pdftex.def)             Requested size: 344.005pt x 229.3367pt.

<figures/computerCables.jpg, id=2224, 3468.96pt x 2312.64pt>
File: figures/computerCables.jpg Graphic file (type jpg)

<use figures/computerCables.jpg>
Package pdftex.def Info: figures/computerCables.jpg used on input line 1045.
(pdftex.def)             Requested size: 344.005pt x 229.3367pt.

<figures/usage.jpg, id=2226, 6937.92pt x 2312.64pt>
File: figures/usage.jpg Graphic file (type jpg)
 <use figures/usage.jpg>
Package pdftex.def Info: figures/usage.jpg used on input line 1054.
(pdftex.def)             Requested size: 344.005pt x 114.65071pt.

[49

] [50 <C:/Users/omar/Documents/Nueva carpeta/Tesis/figures/esquemaPlaca.png>]
LaTeX Font Info:    Font shape `OML/cmr/m/it' in size <12> not available
(Font)              Font shape `OML/cmm/m/it' tried instead on input line 1064.

LaTeX Font Info:    External font `cmex10' loaded for size
(Font)              <7> on input line 1068.

Underfull \hbox (badness 10000) in paragraph at lines 1063--1075

 []

[51 <C:/Users/omar/Documents/Nueva carpeta/Tesis/figures/pcb.jpg>] [52 <C:/User
s/omar/Documents/Nueva carpeta/Tesis/figures/cargo.jpg> <C:/Users/omar/Document
s/Nueva carpeta/Tesis/figures/usbcable.jpg> <C:/Users/omar/Documents/Nueva carp
eta/Tesis/figures/serialcable.jpg>] [53 <C:/Users/omar/Documents/Nueva carpeta/
Tesis/figures/cables.jpg>] [54 <C:/Users/omar/Documents/Nueva carpeta/Tesis/fig
ures/sensors.jpg> <C:/Users/omar/Documents/Nueva carpeta/Tesis/figures/computer
Cables.jpg>]
Underfull \hbox (badness 10000) in paragraph at lines 1076--1079

 []

Package hyperref Info: bookmark level for unknown lstlisting defaults to 0 on i
nput line 1081.
[55 <C:/Users/omar/Documents/Nueva carpeta/Tesis/figures/usage.jpg>]
Overfull \hbox (0.97963pt too wide) in paragraph at lines 1095--1095
[]\OT1/cmr/bx/n/17.28 Uso de UDG[]Create co-mo bi-blio-te-ca estandar 
 []


Underfull \hbox (badness 10000) in paragraph at lines 1096--1100

 []


Underfull \hbox (badness 10000) in paragraph at lines 1117--1123

 []


Underfull \vbox (badness 3679) has occurred while \output is active []

 [56]
Underfull \hbox (badness 10000) in paragraph at lines 1125--1130

 []


Underfull \hbox (badness 10000) in paragraph at lines 1131--1144

 []

[57]
Underfull \hbox (badness 10000) in paragraph at lines 1146--1153

 []


Underfull \hbox (badness 10000) in paragraph at lines 1155--1179

 []

[58]
Underfull \hbox (badness 10000) in paragraph at lines 1181--1185

 []


Underfull \hbox (badness 10000) in paragraph at lines 1187--1188

 []


Underfull \hbox (badness 10000) in paragraph at lines 1190--1192

 []


Underfull \hbox (badness 10000) in paragraph at lines 1193--1194

 []


Underfull \hbox (badness 10000) in paragraph at lines 1196--1197

 []

[59]
Underfull \hbox (badness 10000) in paragraph at lines 1199--1200

 []


Package hyperref Warning: Difference (2) between bookmark levels is greater 
(hyperref)                than one, level fixed on input line 1209.

[60] [61] [62] [63] [64]
Underfull \hbox (badness 10000) in paragraph at lines 1328--1333

 []

[65]

Package hyperref Warning: Token not allowed in a PDF string (PDFDocEncoding):
(hyperref)                removing `\char' on input line 1334.


Underfull \hbox (badness 10000) in paragraph at lines 1334--1336

 []


Underfull \hbox (badness 10000) in paragraph at lines 1340--1342

 []


Underfull \hbox (badness 10000) in paragraph at lines 1343--1346

 []


Underfull \hbox (badness 10000) in paragraph at lines 1343--1346

 []


Underfull \hbox (badness 10000) in paragraph at lines 1347--1349

 []


Underfull \hbox (badness 10000) in paragraph at lines 1350--1352

 []

[66]
Underfull \hbox (badness 10000) in paragraph at lines 1353--1355

 []


Underfull \hbox (badness 10000) in paragraph at lines 1356--1358

 []


Underfull \hbox (badness 10000) in paragraph at lines 1359--1361

 []


Underfull \hbox (badness 10000) in paragraph at lines 1365--1368

 []


Underfull \hbox (badness 10000) in paragraph at lines 1365--1368

 []


Underfull \hbox (badness 10000) in paragraph at lines 1368--1371

 []


Underfull \hbox (badness 10000) in paragraph at lines 1368--1371

 []


Underfull \hbox (badness 10000) in paragraph at lines 1372--1373

 []

[67]
Underfull \hbox (badness 10000) in paragraph at lines 1374--1377

 []


Underfull \hbox (badness 10000) in paragraph at lines 1374--1377

 []


Underfull \hbox (badness 10000) in paragraph at lines 1378--1379

 []


Underfull \hbox (badness 10000) in paragraph at lines 1380--1388

 []


Underfull \hbox (badness 10000) in paragraph at lines 1380--1388

 []


Underfull \hbox (badness 10000) in paragraph at lines 1389--1390

 []


Underfull \hbox (badness 10000) in paragraph at lines 1391--1395

 []


Underfull \hbox (badness 10000) in paragraph at lines 1391--1395

 []


Underfull \hbox (badness 10000) in paragraph at lines 1391--1395

 []

[68]
Underfull \hbox (badness 10000) in paragraph at lines 1396--1400

 []


Underfull \hbox (badness 10000) in paragraph at lines 1396--1400

 []


Underfull \hbox (badness 10000) in paragraph at lines 1401--1402

 []


Underfull \hbox (badness 10000) in paragraph at lines 1403--1406

 []


Underfull \hbox (badness 10000) in paragraph at lines 1407--1410

 []


Underfull \hbox (badness 10000) in paragraph at lines 1407--1410

 []


Overfull \hbox (29.59102pt too wide) in paragraph at lines 1414--1416
[]\OT1/cmr/m/it/12 song(numeroDeCancion,numeroDeNotas, no-ta1,duracion1, no-ta2
, du-ra-cion2,...,notaN,
 []


Underfull \hbox (badness 10000) in paragraph at lines 1414--1416

 []

[69]
Underfull \hbox (badness 10000) in paragraph at lines 1417--1420

 []


Underfull \hbox (badness 10000) in paragraph at lines 1417--1420

 []


Underfull \hbox (badness 10000) in paragraph at lines 1421--1424

 []


Underfull \hbox (badness 10000) in paragraph at lines 1421--1424

 []


Underfull \hbox (badness 10000) in paragraph at lines 1425--1428

 []


Underfull \hbox (badness 10000) in paragraph at lines 1425--1428

 []


Overfull \hbox (4.29681pt too wide) in paragraph at lines 1429--1434
 \OT1/cmr/bx/n/12 7.6.3.1.25. void stream(unsigned char* des-ti-na-tion-Buf-fer
,void* th-read,int
 []


Underfull \hbox (badness 10000) in paragraph at lines 1429--1434

 []


Underfull \hbox (badness 10000) in paragraph at lines 1429--1434

 []

[70]
Underfull \hbox (badness 10000) in paragraph at lines 1435--1436

 []


Underfull \hbox (badness 10000) in paragraph at lines 1439--1440

 []


Underfull \hbox (badness 10000) in paragraph at lines 1441--1445

 []


Underfull \hbox (badness 10000) in paragraph at lines 1445--1448

 []


Underfull \hbox (badness 10000) in paragraph at lines 1451--1453

 []


Underfull \hbox (badness 10000) in paragraph at lines 1454--1456

 []


Underfull \hbox (badness 10000) in paragraph at lines 1457--1460

 []


Underfull \hbox (badness 10000) in paragraph at lines 1457--1460

 []

[71]
Underfull \hbox (badness 10000) in paragraph at lines 1461--1463

 []


Underfull \hbox (badness 10000) in paragraph at lines 1461--1463

 []


Underfull \hbox (badness 10000) in paragraph at lines 1464--1465

 []


Underfull \hbox (badness 10000) in paragraph at lines 1466--1469

 []


Underfull \hbox (badness 10000) in paragraph at lines 1470--1473

 []


Underfull \hbox (badness 10000) in paragraph at lines 1474--1477

 []


Underfull \hbox (badness 10000) in paragraph at lines 1477--1480

 []

[72]
Underfull \hbox (badness 10000) in paragraph at lines 1481--1483

 []


Underfull \hbox (badness 10000) in paragraph at lines 1483--1485

 []


Underfull \hbox (badness 10000) in paragraph at lines 1485--1487

 []


Underfull \hbox (badness 10000) in paragraph at lines 1487--1489

 []


Underfull \hbox (badness 10000) in paragraph at lines 1489--1491

 []


Underfull \hbox (badness 10000) in paragraph at lines 1491--1493

 []


Underfull \hbox (badness 10000) in paragraph at lines 1493--1495

 []


Underfull \hbox (badness 10000) in paragraph at lines 1495--1497

 []

[73]
Underfull \hbox (badness 10000) in paragraph at lines 1497--1499

 []


Underfull \hbox (badness 10000) in paragraph at lines 1499--1501

 []


Underfull \hbox (badness 10000) in paragraph at lines 1501--1503

 []


Underfull \hbox (badness 10000) in paragraph at lines 1503--1505

 []


Underfull \hbox (badness 10000) in paragraph at lines 1505--1507

 []


Underfull \hbox (badness 10000) in paragraph at lines 1507--1509

 []


Underfull \hbox (badness 10000) in paragraph at lines 1510--1512

 []

[74]
Underfull \hbox (badness 10000) in paragraph at lines 1512--1514

 []


Underfull \hbox (badness 10000) in paragraph at lines 1514--1516

 []


Underfull \hbox (badness 10000) in paragraph at lines 1516--1518

 []


Underfull \hbox (badness 10000) in paragraph at lines 1518--1520

 []


Underfull \hbox (badness 10000) in paragraph at lines 1520--1522

 []


Underfull \hbox (badness 10000) in paragraph at lines 1522--1524

 []

[75]
Underfull \hbox (badness 10000) in paragraph at lines 1525--1533

 []


Underfull \hbox (badness 10000) in paragraph at lines 1534--1536

 []


Underfull \hbox (badness 10000) in paragraph at lines 1536--1538

 []


Underfull \hbox (badness 10000) in paragraph at lines 1539--1541

 []


Underfull \hbox (badness 10000) in paragraph at lines 1541--1543

 []


Underfull \hbox (badness 10000) in paragraph at lines 1543--1545

 []

[76]
Underfull \hbox (badness 10000) in paragraph at lines 1545--1547

 []


Underfull \hbox (badness 10000) in paragraph at lines 1547--1549

 []


Underfull \hbox (badness 10000) in paragraph at lines 1549--1551

 []


Underfull \hbox (badness 10000) in paragraph at lines 1551--1553

 []


Underfull \hbox (badness 10000) in paragraph at lines 1553--1555

 []


Underfull \hbox (badness 10000) in paragraph at lines 1555--1557

 []


Underfull \hbox (badness 10000) in paragraph at lines 1557--1559

 []

[77]
Underfull \hbox (badness 10000) in paragraph at lines 1559--1561

 []


Underfull \hbox (badness 10000) in paragraph at lines 1561--1563

 []


Underfull \hbox (badness 10000) in paragraph at lines 1563--1565

 []


Underfull \hbox (badness 10000) in paragraph at lines 1565--1567

 []


Underfull \hbox (badness 10000) in paragraph at lines 1567--1569

 []


Underfull \hbox (badness 10000) in paragraph at lines 1569--1571

 []


Underfull \hbox (badness 10000) in paragraph at lines 1571--1577

 []

[78]
Underfull \hbox (badness 10000) in paragraph at lines 1577--1579

 []


Underfull \hbox (badness 10000) in paragraph at lines 1579--1581

 []


Underfull \hbox (badness 10000) in paragraph at lines 1581--1583

 []


Underfull \hbox (badness 10000) in paragraph at lines 1583--1585

 []


Underfull \hbox (badness 10000) in paragraph at lines 1585--1587

 []


Underfull \hbox (badness 10000) in paragraph at lines 1587--1589

 []


Underfull \hbox (badness 10000) in paragraph at lines 1589--1591

 []

[79]
Underfull \hbox (badness 10000) in paragraph at lines 1591--1593

 []


Underfull \hbox (badness 10000) in paragraph at lines 1593--1596

 []


Underfull \hbox (badness 10000) in paragraph at lines 1593--1596

 []


Underfull \hbox (badness 10000) in paragraph at lines 1596--1598

 []


Underfull \hbox (badness 10000) in paragraph at lines 1598--1603

 []


Underfull \hbox (badness 10000) in paragraph at lines 1598--1603

 []


Underfull \hbox (badness 10000) in paragraph at lines 1604--1607

 []


Underfull \hbox (badness 10000) in paragraph at lines 1604--1607

 []


Underfull \hbox (badness 10000) in paragraph at lines 1608--1614

 []

[80]
Underfull \hbox (badness 10000) in paragraph at lines 1616--1620

 []


Underfull \hbox (badness 10000) in paragraph at lines 1616--1620

 []


Underfull \hbox (badness 10000) in paragraph at lines 1623--1627

 []


Underfull \hbox (badness 10000) in paragraph at lines 1623--1627

 []


Underfull \hbox (badness 10000) in paragraph at lines 1628--1631

 []


Underfull \hbox (badness 10000) in paragraph at lines 1628--1631

 []

[81]
Underfull \hbox (badness 10000) in paragraph at lines 1632--1635

 []


Underfull \hbox (badness 10000) in paragraph at lines 1632--1635

 []


Underfull \hbox (badness 10000) in paragraph at lines 1636--1639

 []


Underfull \hbox (badness 10000) in paragraph at lines 1636--1639

 []


Underfull \hbox (badness 10000) in paragraph at lines 1640--1643

 []


Underfull \hbox (badness 10000) in paragraph at lines 1640--1643

 []


Underfull \hbox (badness 10000) in paragraph at lines 1644--1647

 []


Underfull \hbox (badness 10000) in paragraph at lines 1644--1647

 []


Underfull \hbox (badness 10000) in paragraph at lines 1648--1651

 []


Underfull \hbox (badness 10000) in paragraph at lines 1648--1651

 []

[82]
Underfull \hbox (badness 10000) in paragraph at lines 1652--1655

 []


Underfull \hbox (badness 10000) in paragraph at lines 1652--1655

 []


Underfull \hbox (badness 10000) in paragraph at lines 1656--1659

 []


Underfull \hbox (badness 10000) in paragraph at lines 1656--1659

 []


Underfull \hbox (badness 10000) in paragraph at lines 1660--1663

 []


Underfull \hbox (badness 10000) in paragraph at lines 1664--1667

 []

[83]
Underfull \hbox (badness 10000) in paragraph at lines 1668--1671

 []


Underfull \hbox (badness 10000) in paragraph at lines 1668--1671

 []


Underfull \hbox (badness 10000) in paragraph at lines 1672--1675

 []


Underfull \hbox (badness 10000) in paragraph at lines 1672--1675

 []


Underfull \hbox (badness 10000) in paragraph at lines 1676--1679

 []


Underfull \hbox (badness 10000) in paragraph at lines 1676--1679

 []


Underfull \hbox (badness 10000) in paragraph at lines 1680--1683

 []


Underfull \hbox (badness 10000) in paragraph at lines 1680--1683

 []


Underfull \hbox (badness 10000) in paragraph at lines 1684--1687

 []


Underfull \hbox (badness 10000) in paragraph at lines 1684--1687

 []


Underfull \hbox (badness 10000) in paragraph at lines 1688--1691

 []


Underfull \hbox (badness 10000) in paragraph at lines 1688--1691

 []

[84]
Underfull \hbox (badness 10000) in paragraph at lines 1692--1695

 []


Underfull \hbox (badness 10000) in paragraph at lines 1692--1695

 []


Underfull \hbox (badness 10000) in paragraph at lines 1696--1699

 []


Underfull \hbox (badness 10000) in paragraph at lines 1696--1699

 []


Underfull \hbox (badness 10000) in paragraph at lines 1700--1703

 []


Underfull \hbox (badness 10000) in paragraph at lines 1700--1703

 []


Underfull \hbox (badness 10000) in paragraph at lines 1704--1707

 []


Underfull \hbox (badness 10000) in paragraph at lines 1704--1707

 []


Underfull \hbox (badness 10000) in paragraph at lines 1708--1711

 []


Underfull \hbox (badness 10000) in paragraph at lines 1708--1711

 []

[85]
Underfull \hbox (badness 10000) in paragraph at lines 1712--1715

 []


Underfull \hbox (badness 10000) in paragraph at lines 1716--1719

 []


Underfull \hbox (badness 10000) in paragraph at lines 1716--1719

 []


Underfull \hbox (badness 10000) in paragraph at lines 1720--1723

 []


Underfull \hbox (badness 10000) in paragraph at lines 1720--1723

 []


Underfull \hbox (badness 10000) in paragraph at lines 1724--1727

 []


Underfull \hbox (badness 10000) in paragraph at lines 1724--1727

 []

[86]
Underfull \hbox (badness 10000) in paragraph at lines 1728--1731

 []


Underfull \hbox (badness 10000) in paragraph at lines 1732--1735

 []


Underfull \hbox (badness 10000) in paragraph at lines 1732--1735

 []


Underfull \hbox (badness 10000) in paragraph at lines 1736--1739

 []


Underfull \hbox (badness 10000) in paragraph at lines 1736--1739

 []


Underfull \hbox (badness 10000) in paragraph at lines 1740--1743

 []


Underfull \hbox (badness 10000) in paragraph at lines 1740--1743

 []


Underfull \hbox (badness 10000) in paragraph at lines 1744--1747

 []


Underfull \hbox (badness 10000) in paragraph at lines 1744--1747

 []

[87]
Underfull \hbox (badness 10000) in paragraph at lines 1748--1751

 []


Underfull \hbox (badness 10000) in paragraph at lines 1748--1751

 []


Underfull \hbox (badness 10000) in paragraph at lines 1752--1755

 []


Underfull \hbox (badness 10000) in paragraph at lines 1752--1755

 []


Underfull \hbox (badness 10000) in paragraph at lines 1756--1759

 []


Underfull \hbox (badness 10000) in paragraph at lines 1756--1759

 []


Underfull \hbox (badness 10000) in paragraph at lines 1760--1764

 []


Underfull \hbox (badness 10000) in paragraph at lines 1760--1764

 []


Underfull \hbox (badness 10000) in paragraph at lines 1765--1769

 []

[88]
Underfull \hbox (badness 10000) in paragraph at lines 1770--1773

 []

[89] [90

]
Cap\'{\i }tulo 8.
("C:\Users\omar\Documents\Nueva carpeta\Tesis\Tesis.bbl" [91] [92

]
Underfull \hbox (badness 2073) in paragraph at lines 8--13
\OT1/cmr/m/n/12 Dis-po-ni-ble en []$\OT1/cmtt/m/n/12 http : / / www . lansingst
atejournal . com / article / 20130826 /$
 []


Underfull \hbox (badness 10000) in paragraph at lines 8--13
$\OT1/cmtt/m/n/12 BUSINESS / 308260003 / Demand-[]math-[]science-[]jobs-[]only-
[]expected-[]grow ?$
 []


Underfull \hbox (badness 1077) in paragraph at lines 20--25
[]\OT1/cmr/m/n/12 K. Da-vid-son, ``Fe-wer us stu-dents trai-ning for scien-ce c
a-reers.'' , SF-Ga-
 []


Underfull \hbox (badness 2142) in paragraph at lines 20--25
\OT1/cmr/m/n/12 te, [En lnea] Dis-po-ni-ble en []$\OT1/cmtt/m/n/12 http : / /
 www . sfgate . com / science / article /$
 []


Underfull \hbox (badness 6380) in paragraph at lines 20--25
$\OT1/cmtt/m/n/12 Fewer-[]U-[]S-[]students-[]training-[]for-[]science-[]careers
-[]2760252 . php$[]\OT1/cmr/m/n/12 , May
 []


Underfull \hbox (badness 10000) in paragraph at lines 33--38
\OT1/cmr/m/n/12 [En lnea] Dis-po-ni-ble en []$\OT1/cmtt/m/n/12 http : / / cit
eseerx . ist . psu . edu / viewdoc /$
 []


Underfull \hbox (badness 10000) in paragraph at lines 33--38
$\OT1/cmtt/m/n/12 download ; jsessionid = 5D968BDFF4FE0A87D3D68B1B69B4FFEF ? do
i = 10 . 1 .$
 []


Underfull \hbox (badness 2205) in paragraph at lines 47--53
\OT1/cmr/m/n/12 lnea] Dis-po-ni-ble en []$\OT1/cmtt/m/n/12 http : / / ieeexpl
ore . ieee . org / xpl / articleDetails .$
 []


Underfull \hbox (badness 10000) in paragraph at lines 47--53
$\OT1/cmtt/m/n/12 jsp ? tp = &arnumber = 5090152&tag = 1&url = http % 3A % 2F %
 2Fieeexplore . ieee .$
 []


Underfull \hbox (badness 10000) in paragraph at lines 47--53
$\OT1/cmtt/m/n/12 org % 2Fstamp % 2Fstamp . jsp % 3Ftp % 3D % 26arnumber % 3D50
90152 % 26tag % 3D1$[]\OT1/cmr/m/n/12 ,
 []

[93]
Underfull \hbox (badness 1348) in paragraph at lines 67--72
[]\OT1/cmr/m/n/12 D. Hen-riks-son, A. Cer-vin, and K.-E. []Arzen, ``True-ti-me
: Real-time con-
 []


Underfull \hbox (badness 6559) in paragraph at lines 67--72
\OT1/cmr/m/n/12 trol sys-tem si-mu-la-tion with matla-b/-si-mu-link.'' [En ln
ea] Dis-po-ni-ble
 []


Underfull \hbox (badness 2547) in paragraph at lines 80--85
[]\OT1/cmr/m/n/12 iRobot Cor-po-ra-tion, ``iRo-bot crea-te open in-ter-fa-ce.''
 [En lnea] Dis-po-
 []


Underfull \hbox (badness 1418) in paragraph at lines 80--85
\OT1/cmr/m/n/12 ni-ble en []$\OT1/cmtt/m/n/12 http : / / www . irobot . com / f
ilelibrary / pdfs / hrd / create / Create %$
 []


Underfull \hbox (badness 1584) in paragraph at lines 87--91
[]\OT1/cmr/m/n/12 iRobot Cor-po-ra-tion, ``Crea-te pro-duct pa-ge de-tails.'' [
En lnea] Dis-po-ni-
 []


Underfull \hbox (badness 10000) in paragraph at lines 93--97
$\OT1/cmtt/m/n/12 / / procrastineering . blogspot . mx / 2011 / 02 / low-[]cost
-[]video-[]chat-[]robot .$
 []


Overfull \hbox (54.18698pt too wide) in paragraph at lines 106--111
$\OT1/cmtt/m/n/12 hacked-[]irobot-[]uses-[]xbox-[]kinect-[]to-[]see-[]the-[]wor
ld-[]obey-[]your-[]commands-[]video/$[]\OT1/cmr/m/n/12 ,
 []

[94]
Underfull \hbox (badness 1796) in paragraph at lines 120--123
[]\OT1/cmr/m/n/12 M. Kui-pers, ``Lo-ca-li-za-tion with the iro-bot crea-te.'' [
En lnea] Dis-po-ni-
 []


Underfull \hbox (badness 2073) in paragraph at lines 169--174
\OT1/cmr/m/n/12 Dis-po-ni-ble en []$\OT1/cmtt/m/n/12 http : / / store . irobot 
. com / family / index . jsp ? categoryId =$
 []

[95]
Underfull \hbox (badness 2495) in paragraph at lines 181--184
[]\OT1/cmr/m/n/12 Willow  Ga-ra-ge , ``Turtle-bot.'' [En lnea] Dis-po-ni-ble 
en []$\OT1/cmtt/m/n/12 http : / / www .$
 []


Underfull \hbox (badness 2644) in paragraph at lines 193--198
[]\OT1/cmr/m/n/12 C. Nug-te-ren, G.-J. v. d. Braak, and H. Cor-po-raal, ``Fu-tu
-re of gpg-
 []


Underfull \hbox (badness 8189) in paragraph at lines 193--198
\OT1/cmr/m/n/12 pu micro-architectural pa-ra-me-ters.'' [En lnea] Dis-po-ni-b
le en []$\OT1/cmtt/m/n/12 http :$
 []


Underfull \hbox (badness 10000) in paragraph at lines 193--198
$\OT1/cmtt/m/n/12 / / parse . ele . tue . nl / system / attachments / 39 / orig
inal / DATE _ Future _$
 []

) [96]
Cap\'{\i }tulo 9.
("C:\Users\omar\Documents\Nueva carpeta\Tesis\source/Firmware/main.c"
Overfull \hbox (62.34456pt too wide) in paragraph at lines 1--2
[][] 
 []

[97

]
Overfull \hbox (49.39455pt too wide) in paragraph at lines 32--33
[][][][] 
 []


Underfull \vbox (badness 10000) has occurred while \output is active []

 [98]
Overfull \hbox (42.34456pt too wide) in paragraph at lines 43--45
[][][][] 
 []


Underfull \vbox (badness 10000) has occurred while \output is active []

 [99]
Underfull \vbox (badness 10000) has occurred while \output is active []

 [100]
Underfull \vbox (badness 10000) has occurred while \output is active []

 [101]
Overfull \hbox (12.99464pt too wide) in paragraph at lines 145--149
[][] 
 []


Underfull \vbox (badness 10000) has occurred while \output is active []

 [102]
Underfull \vbox (badness 10000) has occurred while \output is active []

 [103]
Overfull \hbox (62.34456pt too wide) in paragraph at lines 204--205
[][] 
 []


Overfull \hbox (42.34456pt too wide) in paragraph at lines 218--219
[][][][][] 
 []


Underfull \vbox (badness 10000) has occurred while \output is active []

 [104]
Underfull \vbox (badness 10000) has occurred while \output is active []

 [105]
Overfull \hbox (62.34456pt too wide) in paragraph at lines 284--285
[][] 
 []


Underfull \vbox (badness 10000) has occurred while \output is active []

 [106]
Overfull \hbox (42.34456pt too wide) in paragraph at lines 300--301
[][][][][] 
 []


Underfull \vbox (badness 10000) has occurred while \output is active []

 [107]
Underfull \vbox (badness 10000) has occurred while \output is active []

 [108]
Overfull \hbox (21.1946pt too wide) in paragraph at lines 371--372
[][][][][] 
 []


Overfull \hbox (5.94466pt too wide) in paragraph at lines 371--372
[][] 
 []


Underfull \vbox (badness 10000) has occurred while \output is active []

 [109]
Overfull \hbox (21.1946pt too wide) in paragraph at lines 377--378
[][][][][] 
 []


Overfull \hbox (21.1946pt too wide) in paragraph at lines 378--379
[][][][][] 
 []


Underfull \vbox (badness 10000) has occurred while \output is active []

 [110]
Overfull \hbox (21.1946pt too wide) in paragraph at lines 383--385
[][][][][] 
 []


Overfull \hbox (77.5945pt too wide) in paragraph at lines 387--388
[][][][][] 
 []


Overfull \hbox (34.1446pt too wide) in paragraph at lines 387--388
[][] 
 []


Overfull \hbox (5.94466pt too wide) in paragraph at lines 387--388
[][] 
 []


Overfull \hbox (77.5945pt too wide) in paragraph at lines 391--392
[][][][][] 
 []


Overfull \hbox (34.1446pt too wide) in paragraph at lines 391--392
[][] 
 []


Overfull \hbox (5.94466pt too wide) in paragraph at lines 391--392
[][] 
 []


Overfull \hbox (77.5945pt too wide) in paragraph at lines 395--396
[][][][][] 
 []


Overfull \hbox (34.1446pt too wide) in paragraph at lines 395--396
[][] 
 []


Overfull \hbox (5.94466pt too wide) in paragraph at lines 395--396
[][] 
 []


Overfull \hbox (77.5945pt too wide) in paragraph at lines 399--400
[][][][][] 
 []


Overfull \hbox (34.1446pt too wide) in paragraph at lines 399--400
[][] 
 []


Overfull \hbox (5.94466pt too wide) in paragraph at lines 399--400
[][] 
 []


Underfull \vbox (badness 10000) has occurred while \output is active []

 [111]
Overfull \hbox (77.5945pt too wide) in paragraph at lines 403--404
[][][][][] 
 []


Overfull \hbox (34.1446pt too wide) in paragraph at lines 403--404
[][] 
 []


Overfull \hbox (5.94466pt too wide) in paragraph at lines 403--404
[][] 
 []


Overfull \hbox (77.5945pt too wide) in paragraph at lines 407--408
[][][][][] 
 []


Overfull \hbox (34.1446pt too wide) in paragraph at lines 407--408
[][] 
 []


Overfull \hbox (5.94466pt too wide) in paragraph at lines 407--408
[][] 
 []


Overfull \hbox (77.5945pt too wide) in paragraph at lines 411--412
[][][][][] 
 []


Overfull \hbox (34.1446pt too wide) in paragraph at lines 411--412
[][] 
 []


Overfull \hbox (5.94466pt too wide) in paragraph at lines 411--412
[][] 
 []


Overfull \hbox (77.5945pt too wide) in paragraph at lines 415--416
[][][][][] 
 []


Overfull \hbox (34.1446pt too wide) in paragraph at lines 415--416
[][] 
 []


Overfull \hbox (5.94466pt too wide) in paragraph at lines 415--416
[][] 
 []


Underfull \vbox (badness 10000) has occurred while \output is active []

 [112]
Overfull \hbox (62.34456pt too wide) in paragraph at lines 438--439
[][] 
 []


Underfull \vbox (badness 10000) has occurred while \output is active []

 [113]
Overfull \hbox (42.34456pt too wide) in paragraph at lines 455--456
[][][][][] 
 []


Underfull \vbox (badness 10000) has occurred while \output is active []

 [114]
Underfull \vbox (badness 10000) has occurred while \output is active []

 [115]
Overfull \hbox (309.09413pt too wide) in paragraph at lines 534--535
[][] 
 []


Overfull \hbox (41.1946pt too wide) in paragraph at lines 535--536
[][] 
 []


Overfull \hbox (309.09413pt too wide) in paragraph at lines 536--537
[][] 
 []


Underfull \vbox (badness 10000) has occurred while \output is active []

 [116]
Overfull \hbox (55.29457pt too wide) in paragraph at lines 563--564
[][] 
 []


Underfull \vbox (badness 10000) has occurred while \output is active []

 [117]
Overfull \hbox (42.34456pt too wide) in paragraph at lines 590--591
[][][][][] 
 []


Underfull \vbox (badness 10000) has occurred while \output is active []

 [118]
Overfull \hbox (55.29457pt too wide) in paragraph at lines 599--600
[][] 
 []


Overfull \hbox (42.34456pt too wide) in paragraph at lines 618--619
[][][][][] 
 []


Underfull \vbox (badness 10000) has occurred while \output is active []

 [119]
Overfull \hbox (62.34456pt too wide) in paragraph at lines 627--628
[][] 
 []


Underfull \vbox (badness 10000) has occurred while \output is active []

 [120]
Underfull \vbox (badness 10000) has occurred while \output is active []

 [121]
Underfull \vbox (badness 10000) has occurred while \output is active []

 [122]
Overfull \hbox (5.94466pt too wide) in paragraph at lines 702--703
[][] 
 []


Overfull \hbox (5.94466pt too wide) in paragraph at lines 704--705
[][] 
 []


Overfull \hbox (5.94466pt too wide) in paragraph at lines 707--708
[][] 
 []


Underfull \vbox (badness 10000) has occurred while \output is active []

 [123]
Overfull \hbox (42.34456pt too wide) in paragraph at lines 713--714
[][][][][] 
 []


Underfull \vbox (badness 10000) has occurred while \output is active []

 [124]
Underfull \vbox (badness 10000) has occurred while \output is active []

 [125]
Overfull \hbox (55.29457pt too wide) in paragraph at lines 768--769
[][] 
 []


Overfull \hbox (42.34456pt too wide) in paragraph at lines 788--789
[][][][][] 
 []


Underfull \vbox (badness 10000) has occurred while \output is active []

 [126]
Underfull \vbox (badness 10000) has occurred while \output is active []

 [127])
("C:\Users\omar\Documents\Nueva carpeta\Tesis\source/hostSide/DataTypes.h")
Underfull \vbox (badness 10000) has occurred while \output is active []

 [128]
("C:\Users\omar\Documents\Nueva carpeta\Tesis\source/hostSide/ExternalSensors.c
pp" [129])
("C:\Users\omar\Documents\Nueva carpeta\Tesis\source/hostSide/ExternalSensors.h
") ("C:\Users\omar\Documents\Nueva carpeta\Tesis\source/hostSide/SerialPort.c"
[130]
Overfull \hbox (217.44429pt too wide) in paragraph at lines 11--12
[][] 
 []


Overfull \hbox (218.59425pt too wide) in paragraph at lines 16--17
[][][][] 
 []


Underfull \vbox (badness 10000) has occurred while \output is active []

 [131]
Overfull \hbox (217.44429pt too wide) in paragraph at lines 50--51
[][] 
 []


Overfull \hbox (218.59425pt too wide) in paragraph at lines 58--59
[][][][] 
 []


Underfull \vbox (badness 10000) has occurred while \output is active []

 [132]
Underfull \vbox (badness 10000) has occurred while \output is active []

 [133]
Overfull \hbox (217.44429pt too wide) in paragraph at lines 111--112
[][] 
 []


Overfull \hbox (218.59425pt too wide) in paragraph at lines 117--118
[][][][] 
 []


Underfull \vbox (badness 10000) has occurred while \output is active []

 [134]
Underfull \vbox (badness 10000) has occurred while \output is active []

 [135]
Overfull \hbox (217.44429pt too wide) in paragraph at lines 173--174
[][] 
 []


Overfull \hbox (218.59425pt too wide) in paragraph at lines 177--178
[][][][] 
 []


Underfull \vbox (badness 10000) has occurred while \output is active []

 [136]
Underfull \vbox (badness 10000) has occurred while \output is active []

 [137])
("C:\Users\omar\Documents\Nueva carpeta\Tesis\source/hostSide/SerialPort.h"
Underfull \vbox (badness 3690) has occurred while \output is active []

 [138])
("C:\Users\omar\Documents\Nueva carpeta\Tesis\source/hostSide/UDG_Create.cpp"
[139]
Overfull \hbox (5.94466pt too wide) in paragraph at lines 20--21
[][] 
 []


Underfull \vbox (badness 10000) has occurred while \output is active []

 [140]
Underfull \vbox (badness 10000) has occurred while \output is active []

 [141]
Underfull \vbox (badness 10000) has occurred while \output is active []

 [142]
Underfull \vbox (badness 10000) has occurred while \output is active []

 [143]
Underfull \vbox (badness 10000) has occurred while \output is active []

 [144]
Underfull \vbox (badness 10000) has occurred while \output is active []

 [145]
Underfull \vbox (badness 10000) has occurred while \output is active []

 [146]
Underfull \vbox (badness 10000) has occurred while \output is active []

 [147]
Underfull \vbox (badness 10000) has occurred while \output is active []

 [148]
Underfull \vbox (badness 10000) has occurred while \output is active []

 [149]
Underfull \vbox (badness 10000) has occurred while \output is active []

 [150]
Underfull \vbox (badness 10000) has occurred while \output is active []

 [151]
Underfull \vbox (badness 10000) has occurred while \output is active []

 [152]
Underfull \vbox (badness 10000) has occurred while \output is active []

 [153]
Underfull \vbox (badness 10000) has occurred while \output is active []

 [154]
Underfull \vbox (badness 10000) has occurred while \output is active []

 [155]
Underfull \vbox (badness 10000) has occurred while \output is active []

 [156]
Underfull \vbox (badness 10000) has occurred while \output is active []

 [157]
Underfull \vbox (badness 10000) has occurred while \output is active []

 [158]
Underfull \vbox (badness 10000) has occurred while \output is active []

 [159]
Underfull \vbox (badness 10000) has occurred while \output is active []

 [160]
Underfull \vbox (badness 10000) has occurred while \output is active []

 [161]
Underfull \vbox (badness 10000) has occurred while \output is active []

 [162]
Underfull \vbox (badness 10000) has occurred while \output is active []

 [163]
Underfull \vbox (badness 10000) has occurred while \output is active []

 [164]
Underfull \vbox (badness 10000) has occurred while \output is active []

 [165]
Underfull \vbox (badness 10000) has occurred while \output is active []

 [166]
Underfull \vbox (badness 10000) has occurred while \output is active []

 [167]
Underfull \vbox (badness 10000) has occurred while \output is active []

 [168]
Underfull \vbox (badness 10000) has occurred while \output is active []

 [169]
Underfull \vbox (badness 10000) has occurred while \output is active []

 [170]
Underfull \vbox (badness 10000) has occurred while \output is active []

 [171]
Underfull \vbox (badness 10000) has occurred while \output is active []

 [172]
Underfull \vbox (badness 10000) has occurred while \output is active []

 [173]
Underfull \vbox (badness 10000) has occurred while \output is active []

 [174]
Underfull \vbox (badness 10000) has occurred while \output is active []

 [175]
Underfull \vbox (badness 10000) has occurred while \output is active []

 [176]
Underfull \vbox (badness 10000) has occurred while \output is active []

 [177]
Underfull \vbox (badness 10000) has occurred while \output is active []

 [178]
Underfull \vbox (badness 10000) has occurred while \output is active []

 [179]
Underfull \vbox (badness 10000) has occurred while \output is active []

 [180]
Underfull \vbox (badness 10000) has occurred while \output is active []

 [181]
Underfull \vbox (badness 10000) has occurred while \output is active []

 [182]
Underfull \vbox (badness 10000) has occurred while \output is active []

 [183])
("C:\Users\omar\Documents\Nueva carpeta\Tesis\source/hostSide/UDG_Create.h"
[184]
Underfull \vbox (badness 10000) has occurred while \output is active []

 [185]
Underfull \vbox (badness 10000) has occurred while \output is active []

 [186]
Underfull \vbox (badness 10000) has occurred while \output is active []

 [187]
Underfull \vbox (badness 10000) has occurred while \output is active []

 [188]
Underfull \vbox (badness 10000) has occurred while \output is active []

 [189]
Underfull \vbox (badness 10000) has occurred while \output is active []

 [190])
("C:\Users\omar\Documents\Nueva carpeta\Tesis\source/hostSide/USBLayer.cpp"
[191]
Underfull \vbox (badness 10000) has occurred while \output is active []

 [192]
Underfull \vbox (badness 10000) has occurred while \output is active []

 [193]
Underfull \vbox (badness 10000) has occurred while \output is active []

 [194]
Underfull \vbox (badness 10000) has occurred while \output is active []

 [195])
("C:\Users\omar\Documents\Nueva carpeta\Tesis\source/hostSide/USBLayer.h")
Package atveryend Info: Empty hook `BeforeClearDocument' on input line 1828.

[196]
Package atveryend Info: Empty hook `AfterLastShipout' on input line 1828.
 ("C:\Users\omar\Documents\Nueva carpeta\Tesis\Tesis.aux")
Package atveryend Info: Executing hook `AtVeryEndDocument' on input line 1828.
Package atveryend Info: Executing hook `AtEndAfterFileList' on input line 1828.

Package rerunfilecheck Info: File `Tesis.out' has not changed.
(rerunfilecheck)             Checksum: C8C52F57531CE588737628545F482695;23329.
Package atveryend Info: Empty hook `AtVeryVeryEnd' on input line 1828.
 ) 
Here is how much of TeX's memory you used:
 17142 strings out of 493921
 260744 string characters out of 3144880
 370112 words of memory out of 3000000
 16117 multiletter control sequences out of 15000+200000
 12674 words of font info for 44 fonts, out of 3000000 for 9000
 841 hyphenation exceptions out of 8191
 38i,18n,58p,1183b,1908s stack positions out of 5000i,500n,10000p,200000b,50000s
<C:/Program Files (x86)/MiKTeX 2.9/fonts/type1/public/amsfonts/cm/cmbsy10.pfb
><C:/Program Files (x86)/MiKTeX 2.9/fonts/type1/public/amsfonts/cm/cmbx10.pfb><
C:/Program Files (x86)/MiKTeX 2.9/fonts/type1/public/amsfonts/cm/cmbx12.pfb><C:
/Program Files (x86)/MiKTeX 2.9/fonts/type1/public/amsfonts/cm/cmbx8.pfb><C:/Pr
ogram Files (x86)/MiKTeX 2.9/fonts/type1/public/amsfonts/cm/cmcsc10.pfb><C:/Pro
gram Files (x86)/MiKTeX 2.9/fonts/type1/public/amsfonts/cm/cmmi12.pfb><C:/Progr
am Files (x86)/MiKTeX 2.9/fonts/type1/public/amsfonts/cm/cmmi8.pfb><C:/Program 
Files (x86)/MiKTeX 2.9/fonts/type1/public/amsfonts/cm/cmr10.pfb><C:/Program Fil
es (x86)/MiKTeX 2.9/fonts/type1/public/amsfonts/cm/cmr12.pfb><C:/Program Files 
(x86)/MiKTeX 2.9/fonts/type1/public/amsfonts/cm/cmr17.pfb><C:/Program Files (x8
6)/MiKTeX 2.9/fonts/type1/public/amsfonts/cm/cmr5.pfb><C:/Program Files (x86)/M
iKTeX 2.9/fonts/type1/public/amsfonts/cm/cmr6.pfb><C:/Program Files (x86)/MiKTe
X 2.9/fonts/type1/public/amsfonts/cm/cmr7.pfb><C:/Program Files (x86)/MiKTeX 2.
9/fonts/type1/public/amsfonts/cm/cmr8.pfb><C:/Program Files (x86)/MiKTeX 2.9/fo
nts/type1/public/amsfonts/cm/cmsl12.pfb><C:/Program Files (x86)/MiKTeX 2.9/font
s/type1/public/amsfonts/cm/cmsy10.pfb><C:/Program Files (x86)/MiKTeX 2.9/fonts/
type1/public/amsfonts/cm/cmsy6.pfb><C:/Program Files (x86)/MiKTeX 2.9/fonts/typ
e1/public/amsfonts/cm/cmsy8.pfb><C:/Program Files (x86)/MiKTeX 2.9/fonts/type1/
public/amsfonts/cm/cmti12.pfb><C:/Program Files (x86)/MiKTeX 2.9/fonts/type1/pu
blic/amsfonts/cm/cmtt12.pfb>
Output written on Tesis.pdf (218 pages, 17419332 bytes).
PDF statistics:
 7012 PDF objects out of 7423 (max. 8388607)
 4138 named destinations out of 4296 (max. 500000)
 2267 words of extra memory for PDF output out of 10000 (max. 10000000)

